{"E:\\blog\\server\\controller\\adminController.js": {"path":"E:\\blog\\server\\controller\\adminController.js","statementMap":{"0":{"start":{"line":8,"column":33},"end":{"line":118,"column":1}},"1":{"start":{"line":9,"column":4},"end":{"line":117,"column":5}},"2":{"start":{"line":21,"column":12},"end":{"line":39,"column":10}},"3":{"start":{"line":42,"column":33},"end":{"line":45,"column":22}},"4":{"start":{"line":48,"column":27},"end":{"line":67,"column":10}},"5":{"start":{"line":70,"column":29},"end":{"line":70,"column":39}},"6":{"start":{"line":71,"column":8},"end":{"line":71,"column":59}},"7":{"start":{"line":73,"column":33},"end":{"line":86,"column":10}},"8":{"start":{"line":88,"column":8},"end":{"line":110,"column":11}},"9":{"start":{"line":112,"column":8},"end":{"line":116,"column":11}},"10":{"start":{"line":121,"column":27},"end":{"line":186,"column":1}},"11":{"start":{"line":122,"column":4},"end":{"line":185,"column":5}},"12":{"start":{"line":131,"column":12},"end":{"line":131,"column":21}},"13":{"start":{"line":133,"column":22},"end":{"line":133,"column":24}},"14":{"start":{"line":135,"column":8},"end":{"line":135,"column":36}},"15":{"start":{"line":135,"column":18},"end":{"line":135,"column":36}},"16":{"start":{"line":136,"column":8},"end":{"line":136,"column":73}},"17":{"start":{"line":136,"column":36},"end":{"line":136,"column":73}},"18":{"start":{"line":137,"column":8},"end":{"line":143,"column":9}},"19":{"start":{"line":138,"column":12},"end":{"line":142,"column":14}},"20":{"start":{"line":145,"column":21},"end":{"line":145,"column":59}},"21":{"start":{"line":146,"column":26},"end":{"line":146,"column":50}},"22":{"start":{"line":148,"column":22},"end":{"line":153,"column":19}},"23":{"start":{"line":156,"column":31},"end":{"line":165,"column":9}},"24":{"start":{"line":158,"column":34},"end":{"line":161,"column":18}},"25":{"start":{"line":162,"column":37},"end":{"line":162,"column":87}},"26":{"start":{"line":163,"column":16},"end":{"line":163,"column":60}},"27":{"start":{"line":167,"column":22},"end":{"line":167,"column":54}},"28":{"start":{"line":169,"column":8},"end":{"line":178,"column":11}},"29":{"start":{"line":180,"column":8},"end":{"line":184,"column":11}},"30":{"start":{"line":189,"column":27},"end":{"line":234,"column":1}},"31":{"start":{"line":190,"column":4},"end":{"line":233,"column":5}},"32":{"start":{"line":191,"column":21},"end":{"line":192,"column":46}},"33":{"start":{"line":194,"column":8},"end":{"line":199,"column":9}},"34":{"start":{"line":195,"column":12},"end":{"line":198,"column":15}},"35":{"start":{"line":202,"column":71},"end":{"line":213,"column":10}},"36":{"start":{"line":215,"column":8},"end":{"line":226,"column":11}},"37":{"start":{"line":228,"column":8},"end":{"line":232,"column":11}},"38":{"start":{"line":237,"column":26},"end":{"line":287,"column":1}},"39":{"start":{"line":238,"column":4},"end":{"line":286,"column":5}},"40":{"start":{"line":239,"column":58},"end":{"line":239,"column":66}},"41":{"start":{"line":240,"column":24},"end":{"line":240,"column":26}},"42":{"start":{"line":242,"column":8},"end":{"line":242,"column":52}},"43":{"start":{"line":242,"column":32},"end":{"line":242,"column":52}},"44":{"start":{"line":243,"column":8},"end":{"line":243,"column":55}},"45":{"start":{"line":243,"column":33},"end":{"line":243,"column":55}},"46":{"start":{"line":244,"column":8},"end":{"line":244,"column":52}},"47":{"start":{"line":244,"column":32},"end":{"line":244,"column":52}},"48":{"start":{"line":245,"column":8},"end":{"line":245,"column":64}},"49":{"start":{"line":245,"column":36},"end":{"line":245,"column":64}},"50":{"start":{"line":247,"column":8},"end":{"line":260,"column":9}},"51":{"start":{"line":249,"column":33},"end":{"line":252,"column":14}},"52":{"start":{"line":253,"column":12},"end":{"line":258,"column":13}},"53":{"start":{"line":254,"column":16},"end":{"line":257,"column":19}},"54":{"start":{"line":259,"column":12},"end":{"line":259,"column":40}},"55":{"start":{"line":262,"column":21},"end":{"line":266,"column":43}},"56":{"start":{"line":268,"column":8},"end":{"line":273,"column":9}},"57":{"start":{"line":269,"column":12},"end":{"line":272,"column":15}},"58":{"start":{"line":275,"column":8},"end":{"line":279,"column":11}},"59":{"start":{"line":281,"column":8},"end":{"line":285,"column":11}},"60":{"start":{"line":290,"column":26},"end":{"line":329,"column":1}},"61":{"start":{"line":291,"column":4},"end":{"line":328,"column":5}},"62":{"start":{"line":292,"column":21},"end":{"line":292,"column":55}},"63":{"start":{"line":294,"column":8},"end":{"line":299,"column":9}},"64":{"start":{"line":295,"column":12},"end":{"line":298,"column":15}},"65":{"start":{"line":302,"column":8},"end":{"line":307,"column":9}},"66":{"start":{"line":303,"column":12},"end":{"line":306,"column":15}},"67":{"start":{"line":310,"column":8},"end":{"line":313,"column":10}},"68":{"start":{"line":316,"column":8},"end":{"line":316,"column":31}},"69":{"start":{"line":318,"column":8},"end":{"line":321,"column":11}},"70":{"start":{"line":323,"column":8},"end":{"line":327,"column":11}},"71":{"start":{"line":332,"column":32},"end":{"line":386,"column":1}},"72":{"start":{"line":333,"column":4},"end":{"line":385,"column":5}},"73":{"start":{"line":342,"column":12},"end":{"line":342,"column":21}},"74":{"start":{"line":344,"column":22},"end":{"line":344,"column":24}},"75":{"start":{"line":346,"column":8},"end":{"line":346,"column":42}},"76":{"start":{"line":346,"column":20},"end":{"line":346,"column":42}},"77":{"start":{"line":347,"column":8},"end":{"line":347,"column":42}},"78":{"start":{"line":347,"column":20},"end":{"line":347,"column":42}},"79":{"start":{"line":348,"column":8},"end":{"line":348,"column":76}},"80":{"start":{"line":348,"column":37},"end":{"line":348,"column":76}},"81":{"start":{"line":350,"column":21},"end":{"line":350,"column":59}},"82":{"start":{"line":351,"column":26},"end":{"line":351,"column":50}},"83":{"start":{"line":353,"column":22},"end":{"line":358,"column":19}},"84":{"start":{"line":360,"column":34},"end":{"line":365,"column":9}},"85":{"start":{"line":362,"column":37},"end":{"line":362,"column":85}},"86":{"start":{"line":363,"column":16},"end":{"line":363,"column":49}},"87":{"start":{"line":367,"column":22},"end":{"line":367,"column":54}},"88":{"start":{"line":369,"column":8},"end":{"line":378,"column":11}},"89":{"start":{"line":380,"column":8},"end":{"line":384,"column":11}},"90":{"start":{"line":389,"column":37},"end":{"line":420,"column":1}},"91":{"start":{"line":390,"column":4},"end":{"line":419,"column":5}},"92":{"start":{"line":391,"column":21},"end":{"line":391,"column":55}},"93":{"start":{"line":393,"column":8},"end":{"line":398,"column":9}},"94":{"start":{"line":394,"column":12},"end":{"line":397,"column":15}},"95":{"start":{"line":401,"column":8},"end":{"line":401,"column":53}},"96":{"start":{"line":404,"column":8},"end":{"line":404,"column":31}},"97":{"start":{"line":407,"column":8},"end":{"line":407,"column":59}},"98":{"start":{"line":409,"column":8},"end":{"line":412,"column":11}},"99":{"start":{"line":414,"column":8},"end":{"line":418,"column":11}},"100":{"start":{"line":423,"column":35},"end":{"line":459,"column":1}},"101":{"start":{"line":424,"column":4},"end":{"line":458,"column":5}},"102":{"start":{"line":425,"column":55},"end":{"line":425,"column":64}},"103":{"start":{"line":427,"column":22},"end":{"line":427,"column":24}},"104":{"start":{"line":428,"column":8},"end":{"line":428,"column":42}},"105":{"start":{"line":428,"column":20},"end":{"line":428,"column":42}},"106":{"start":{"line":429,"column":8},"end":{"line":429,"column":36}},"107":{"start":{"line":429,"column":18},"end":{"line":429,"column":36}},"108":{"start":{"line":431,"column":21},"end":{"line":431,"column":59}},"109":{"start":{"line":433,"column":25},"end":{"line":438,"column":23}},"110":{"start":{"line":440,"column":22},"end":{"line":440,"column":57}},"111":{"start":{"line":442,"column":8},"end":{"line":451,"column":11}},"112":{"start":{"line":453,"column":8},"end":{"line":457,"column":11}},"113":{"start":{"line":462,"column":26},"end":{"line":477,"column":1}},"114":{"start":{"line":463,"column":4},"end":{"line":476,"column":5}},"115":{"start":{"line":464,"column":8},"end":{"line":464,"column":29}},"116":{"start":{"line":466,"column":8},"end":{"line":469,"column":11}},"117":{"start":{"line":471,"column":8},"end":{"line":475,"column":11}}},"fnMap":{"0":{"name":"(anonymous_0)","decl":{"start":{"line":8,"column":33},"end":{"line":8,"column":34}},"loc":{"start":{"line":8,"column":53},"end":{"line":118,"column":1}},"line":8},"1":{"name":"(anonymous_1)","decl":{"start":{"line":121,"column":27},"end":{"line":121,"column":28}},"loc":{"start":{"line":121,"column":47},"end":{"line":186,"column":1}},"line":121},"2":{"name":"(anonymous_2)","decl":{"start":{"line":157,"column":22},"end":{"line":157,"column":23}},"loc":{"start":{"line":157,"column":38},"end":{"line":164,"column":13}},"line":157},"3":{"name":"(anonymous_3)","decl":{"start":{"line":189,"column":27},"end":{"line":189,"column":28}},"loc":{"start":{"line":189,"column":47},"end":{"line":234,"column":1}},"line":189},"4":{"name":"(anonymous_4)","decl":{"start":{"line":237,"column":26},"end":{"line":237,"column":27}},"loc":{"start":{"line":237,"column":46},"end":{"line":287,"column":1}},"line":237},"5":{"name":"(anonymous_5)","decl":{"start":{"line":290,"column":26},"end":{"line":290,"column":27}},"loc":{"start":{"line":290,"column":46},"end":{"line":329,"column":1}},"line":290},"6":{"name":"(anonymous_6)","decl":{"start":{"line":332,"column":32},"end":{"line":332,"column":33}},"loc":{"start":{"line":332,"column":52},"end":{"line":386,"column":1}},"line":332},"7":{"name":"(anonymous_7)","decl":{"start":{"line":361,"column":22},"end":{"line":361,"column":23}},"loc":{"start":{"line":361,"column":38},"end":{"line":364,"column":13}},"line":361},"8":{"name":"(anonymous_8)","decl":{"start":{"line":389,"column":37},"end":{"line":389,"column":38}},"loc":{"start":{"line":389,"column":57},"end":{"line":420,"column":1}},"line":389},"9":{"name":"(anonymous_9)","decl":{"start":{"line":423,"column":35},"end":{"line":423,"column":36}},"loc":{"start":{"line":423,"column":55},"end":{"line":459,"column":1}},"line":423},"10":{"name":"(anonymous_10)","decl":{"start":{"line":462,"column":26},"end":{"line":462,"column":27}},"loc":{"start":{"line":462,"column":46},"end":{"line":477,"column":1}},"line":462}},"branchMap":{"0":{"loc":{"start":{"line":124,"column":12},"end":{"line":124,"column":20}},"type":"default-arg","locations":[{"start":{"line":124,"column":19},"end":{"line":124,"column":20}}],"line":124},"1":{"loc":{"start":{"line":125,"column":12},"end":{"line":125,"column":22}},"type":"default-arg","locations":[{"start":{"line":125,"column":20},"end":{"line":125,"column":22}}],"line":125},"2":{"loc":{"start":{"line":129,"column":12},"end":{"line":129,"column":32}},"type":"default-arg","locations":[{"start":{"line":129,"column":21},"end":{"line":129,"column":32}}],"line":129},"3":{"loc":{"start":{"line":130,"column":12},"end":{"line":130,"column":26}},"type":"default-arg","locations":[{"start":{"line":130,"column":20},"end":{"line":130,"column":26}}],"line":130},"4":{"loc":{"start":{"line":135,"column":8},"end":{"line":135,"column":36}},"type":"if","locations":[{"start":{"line":135,"column":8},"end":{"line":135,"column":36}},{"start":{},"end":{}}],"line":135},"5":{"loc":{"start":{"line":136,"column":8},"end":{"line":136,"column":73}},"type":"if","locations":[{"start":{"line":136,"column":8},"end":{"line":136,"column":73}},{"start":{},"end":{}}],"line":136},"6":{"loc":{"start":{"line":137,"column":8},"end":{"line":143,"column":9}},"type":"if","locations":[{"start":{"line":137,"column":8},"end":{"line":143,"column":9}},{"start":{},"end":{}}],"line":137},"7":{"loc":{"start":{"line":146,"column":26},"end":{"line":146,"column":50}},"type":"cond-expr","locations":[{"start":{"line":146,"column":44},"end":{"line":146,"column":45}},{"start":{"line":146,"column":48},"end":{"line":146,"column":50}}],"line":146},"8":{"loc":{"start":{"line":194,"column":8},"end":{"line":199,"column":9}},"type":"if","locations":[{"start":{"line":194,"column":8},"end":{"line":199,"column":9}},{"start":{},"end":{}}],"line":194},"9":{"loc":{"start":{"line":242,"column":8},"end":{"line":242,"column":52}},"type":"if","locations":[{"start":{"line":242,"column":8},"end":{"line":242,"column":52}},{"start":{},"end":{}}],"line":242},"10":{"loc":{"start":{"line":243,"column":8},"end":{"line":243,"column":55}},"type":"if","locations":[{"start":{"line":243,"column":8},"end":{"line":243,"column":55}},{"start":{},"end":{}}],"line":243},"11":{"loc":{"start":{"line":244,"column":8},"end":{"line":244,"column":52}},"type":"if","locations":[{"start":{"line":244,"column":8},"end":{"line":244,"column":52}},{"start":{},"end":{}}],"line":244},"12":{"loc":{"start":{"line":245,"column":8},"end":{"line":245,"column":64}},"type":"if","locations":[{"start":{"line":245,"column":8},"end":{"line":245,"column":64}},{"start":{},"end":{}}],"line":245},"13":{"loc":{"start":{"line":247,"column":8},"end":{"line":260,"column":9}},"type":"if","locations":[{"start":{"line":247,"column":8},"end":{"line":260,"column":9}},{"start":{},"end":{}}],"line":247},"14":{"loc":{"start":{"line":253,"column":12},"end":{"line":258,"column":13}},"type":"if","locations":[{"start":{"line":253,"column":12},"end":{"line":258,"column":13}},{"start":{},"end":{}}],"line":253},"15":{"loc":{"start":{"line":268,"column":8},"end":{"line":273,"column":9}},"type":"if","locations":[{"start":{"line":268,"column":8},"end":{"line":273,"column":9}},{"start":{},"end":{}}],"line":268},"16":{"loc":{"start":{"line":294,"column":8},"end":{"line":299,"column":9}},"type":"if","locations":[{"start":{"line":294,"column":8},"end":{"line":299,"column":9}},{"start":{},"end":{}}],"line":294},"17":{"loc":{"start":{"line":302,"column":8},"end":{"line":307,"column":9}},"type":"if","locations":[{"start":{"line":302,"column":8},"end":{"line":307,"column":9}},{"start":{},"end":{}}],"line":302},"18":{"loc":{"start":{"line":335,"column":12},"end":{"line":335,"column":20}},"type":"default-arg","locations":[{"start":{"line":335,"column":19},"end":{"line":335,"column":20}}],"line":335},"19":{"loc":{"start":{"line":336,"column":12},"end":{"line":336,"column":22}},"type":"default-arg","locations":[{"start":{"line":336,"column":20},"end":{"line":336,"column":22}}],"line":336},"20":{"loc":{"start":{"line":340,"column":12},"end":{"line":340,"column":32}},"type":"default-arg","locations":[{"start":{"line":340,"column":21},"end":{"line":340,"column":32}}],"line":340},"21":{"loc":{"start":{"line":341,"column":12},"end":{"line":341,"column":26}},"type":"default-arg","locations":[{"start":{"line":341,"column":20},"end":{"line":341,"column":26}}],"line":341},"22":{"loc":{"start":{"line":346,"column":8},"end":{"line":346,"column":42}},"type":"if","locations":[{"start":{"line":346,"column":8},"end":{"line":346,"column":42}},{"start":{},"end":{}}],"line":346},"23":{"loc":{"start":{"line":347,"column":8},"end":{"line":347,"column":42}},"type":"if","locations":[{"start":{"line":347,"column":8},"end":{"line":347,"column":42}},{"start":{},"end":{}}],"line":347},"24":{"loc":{"start":{"line":348,"column":8},"end":{"line":348,"column":76}},"type":"if","locations":[{"start":{"line":348,"column":8},"end":{"line":348,"column":76}},{"start":{},"end":{}}],"line":348},"25":{"loc":{"start":{"line":351,"column":26},"end":{"line":351,"column":50}},"type":"cond-expr","locations":[{"start":{"line":351,"column":44},"end":{"line":351,"column":45}},{"start":{"line":351,"column":48},"end":{"line":351,"column":50}}],"line":351},"26":{"loc":{"start":{"line":393,"column":8},"end":{"line":398,"column":9}},"type":"if","locations":[{"start":{"line":393,"column":8},"end":{"line":398,"column":9}},{"start":{},"end":{}}],"line":393},"27":{"loc":{"start":{"line":425,"column":16},"end":{"line":425,"column":24}},"type":"default-arg","locations":[{"start":{"line":425,"column":23},"end":{"line":425,"column":24}}],"line":425},"28":{"loc":{"start":{"line":425,"column":26},"end":{"line":425,"column":36}},"type":"default-arg","locations":[{"start":{"line":425,"column":34},"end":{"line":425,"column":36}}],"line":425},"29":{"loc":{"start":{"line":428,"column":8},"end":{"line":428,"column":42}},"type":"if","locations":[{"start":{"line":428,"column":8},"end":{"line":428,"column":42}},{"start":{},"end":{}}],"line":428},"30":{"loc":{"start":{"line":429,"column":8},"end":{"line":429,"column":36}},"type":"if","locations":[{"start":{"line":429,"column":8},"end":{"line":429,"column":36}},{"start":{},"end":{}}],"line":429}},"s":{"0":0,"1":0,"2":0,"3":0,"4":0,"5":0,"6":0,"7":0,"8":0,"9":0,"10":0,"11":0,"12":0,"13":0,"14":0,"15":0,"16":0,"17":0,"18":0,"19":0,"20":0,"21":0,"22":0,"23":0,"24":0,"25":0,"26":0,"27":0,"28":0,"29":0,"30":0,"31":0,"32":0,"33":0,"34":0,"35":0,"36":0,"37":0,"38":0,"39":0,"40":0,"41":0,"42":0,"43":0,"44":0,"45":0,"46":0,"47":0,"48":0,"49":0,"50":0,"51":0,"52":0,"53":0,"54":0,"55":0,"56":0,"57":0,"58":0,"59":0,"60":0,"61":0,"62":0,"63":0,"64":0,"65":0,"66":0,"67":0,"68":0,"69":0,"70":0,"71":0,"72":0,"73":0,"74":0,"75":0,"76":0,"77":0,"78":0,"79":0,"80":0,"81":0,"82":0,"83":0,"84":0,"85":0,"86":0,"87":0,"88":0,"89":0,"90":0,"91":0,"92":0,"93":0,"94":0,"95":0,"96":0,"97":0,"98":0,"99":0,"100":0,"101":0,"102":0,"103":0,"104":0,"105":0,"106":0,"107":0,"108":0,"109":0,"110":0,"111":0,"112":0,"113":0,"114":0,"115":0,"116":0,"117":0},"f":{"0":0,"1":0,"2":0,"3":0,"4":0,"5":0,"6":0,"7":0,"8":0,"9":0,"10":0},"b":{"0":[0],"1":[0],"2":[0],"3":[0],"4":[0,0],"5":[0,0],"6":[0,0],"7":[0,0],"8":[0,0],"9":[0,0],"10":[0,0],"11":[0,0],"12":[0,0],"13":[0,0],"14":[0,0],"15":[0,0],"16":[0,0],"17":[0,0],"18":[0],"19":[0],"20":[0],"21":[0],"22":[0,0],"23":[0,0],"24":[0,0],"25":[0,0],"26":[0,0],"27":[0],"28":[0],"29":[0,0],"30":[0,0]}}
,"E:\\blog\\server\\controller\\authController.js": {"path":"E:\\blog\\server\\controller\\authController.js","statementMap":{"0":{"start":{"line":8,"column":22},"end":{"line":12,"column":1}},"1":{"start":{"line":9,"column":4},"end":{"line":11,"column":7}},"2":{"start":{"line":15,"column":29},"end":{"line":19,"column":1}},"3":{"start":{"line":16,"column":4},"end":{"line":18,"column":7}},"4":{"start":{"line":22,"column":24},"end":{"line":72,"column":1}},"5":{"start":{"line":23,"column":4},"end":{"line":71,"column":5}},"6":{"start":{"line":24,"column":52},"end":{"line":24,"column":60}},"7":{"start":{"line":27,"column":29},"end":{"line":27,"column":83}},"8":{"start":{"line":28,"column":8},"end":{"line":35,"column":9}},"9":{"start":{"line":29,"column":12},"end":{"line":34,"column":15}},"10":{"start":{"line":38,"column":21},"end":{"line":44,"column":10}},"11":{"start":{"line":47,"column":22},"end":{"line":47,"column":45}},"12":{"start":{"line":48,"column":29},"end":{"line":48,"column":59}},"13":{"start":{"line":51,"column":8},"end":{"line":51,"column":41}},"14":{"start":{"line":52,"column":8},"end":{"line":52,"column":26}},"15":{"start":{"line":54,"column":8},"end":{"line":62,"column":11}},"16":{"start":{"line":64,"column":8},"end":{"line":64,"column":52}},"17":{"start":{"line":65,"column":8},"end":{"line":70,"column":11}},"18":{"start":{"line":75,"column":21},"end":{"line":129,"column":1}},"19":{"start":{"line":76,"column":4},"end":{"line":128,"column":5}},"20":{"start":{"line":77,"column":36},"end":{"line":77,"column":44}},"21":{"start":{"line":80,"column":21},"end":{"line":80,"column":50}},"22":{"start":{"line":81,"column":8},"end":{"line":86,"column":9}},"23":{"start":{"line":82,"column":12},"end":{"line":85,"column":15}},"24":{"start":{"line":89,"column":8},"end":{"line":94,"column":9}},"25":{"start":{"line":90,"column":12},"end":{"line":93,"column":15}},"26":{"start":{"line":97,"column":32},"end":{"line":97,"column":68}},"27":{"start":{"line":98,"column":8},"end":{"line":103,"column":9}},"28":{"start":{"line":99,"column":12},"end":{"line":102,"column":15}},"29":{"start":{"line":106,"column":22},"end":{"line":106,"column":45}},"30":{"start":{"line":107,"column":29},"end":{"line":107,"column":59}},"31":{"start":{"line":110,"column":8},"end":{"line":110,"column":41}},"32":{"start":{"line":111,"column":8},"end":{"line":111,"column":26}},"33":{"start":{"line":113,"column":8},"end":{"line":121,"column":11}},"34":{"start":{"line":123,"column":8},"end":{"line":127,"column":11}},"35":{"start":{"line":132,"column":22},"end":{"line":149,"column":1}},"36":{"start":{"line":133,"column":4},"end":{"line":148,"column":5}},"37":{"start":{"line":135,"column":8},"end":{"line":135,"column":37}},"38":{"start":{"line":136,"column":8},"end":{"line":136,"column":30}},"39":{"start":{"line":138,"column":8},"end":{"line":141,"column":11}},"40":{"start":{"line":143,"column":8},"end":{"line":147,"column":11}},"41":{"start":{"line":152,"column":28},"end":{"line":193,"column":1}},"42":{"start":{"line":153,"column":4},"end":{"line":192,"column":5}},"43":{"start":{"line":154,"column":33},"end":{"line":154,"column":41}},"44":{"start":{"line":156,"column":8},"end":{"line":161,"column":9}},"45":{"start":{"line":157,"column":12},"end":{"line":160,"column":15}},"46":{"start":{"line":164,"column":24},"end":{"line":167,"column":9}},"47":{"start":{"line":170,"column":21},"end":{"line":170,"column":52}},"48":{"start":{"line":171,"column":8},"end":{"line":176,"column":9}},"49":{"start":{"line":172,"column":12},"end":{"line":175,"column":15}},"50":{"start":{"line":179,"column":25},"end":{"line":179,"column":48}},"51":{"start":{"line":181,"column":8},"end":{"line":186,"column":11}},"52":{"start":{"line":188,"column":8},"end":{"line":191,"column":11}},"53":{"start":{"line":196,"column":30},"end":{"line":209,"column":1}},"54":{"start":{"line":197,"column":4},"end":{"line":208,"column":5}},"55":{"start":{"line":198,"column":8},"end":{"line":201,"column":11}},"56":{"start":{"line":203,"column":8},"end":{"line":207,"column":11}},"57":{"start":{"line":212,"column":29},"end":{"line":252,"column":1}},"58":{"start":{"line":213,"column":4},"end":{"line":251,"column":5}},"59":{"start":{"line":214,"column":43},"end":{"line":214,"column":51}},"60":{"start":{"line":215,"column":24},"end":{"line":215,"column":26}},"61":{"start":{"line":217,"column":8},"end":{"line":217,"column":38}},"62":{"start":{"line":217,"column":18},"end":{"line":217,"column":38}},"63":{"start":{"line":218,"column":8},"end":{"line":231,"column":9}},"64":{"start":{"line":220,"column":33},"end":{"line":223,"column":14}},"65":{"start":{"line":224,"column":12},"end":{"line":229,"column":13}},"66":{"start":{"line":225,"column":16},"end":{"line":228,"column":19}},"67":{"start":{"line":230,"column":12},"end":{"line":230,"column":40}},"68":{"start":{"line":232,"column":8},"end":{"line":232,"column":44}},"69":{"start":{"line":232,"column":20},"end":{"line":232,"column":44}},"70":{"start":{"line":234,"column":21},"end":{"line":238,"column":9}},"71":{"start":{"line":240,"column":8},"end":{"line":244,"column":11}},"72":{"start":{"line":246,"column":8},"end":{"line":250,"column":11}},"73":{"start":{"line":255,"column":30},"end":{"line":283,"column":1}},"74":{"start":{"line":256,"column":4},"end":{"line":282,"column":5}},"75":{"start":{"line":257,"column":49},"end":{"line":257,"column":57}},"76":{"start":{"line":260,"column":32},"end":{"line":260,"column":79}},"77":{"start":{"line":261,"column":8},"end":{"line":266,"column":9}},"78":{"start":{"line":262,"column":12},"end":{"line":265,"column":15}},"79":{"start":{"line":269,"column":8},"end":{"line":269,"column":40}},"80":{"start":{"line":270,"column":8},"end":{"line":270,"column":30}},"81":{"start":{"line":272,"column":8},"end":{"line":275,"column":11}},"82":{"start":{"line":277,"column":8},"end":{"line":281,"column":11}},"83":{"start":{"line":286,"column":0},"end":{"line":325,"column":1}},"84":{"start":{"line":287,"column":4},"end":{"line":324,"column":8}},"85":{"start":{"line":292,"column":8},"end":{"line":323,"column":9}},"86":{"start":{"line":294,"column":23},"end":{"line":294,"column":67}},"87":{"start":{"line":296,"column":12},"end":{"line":318,"column":13}},"88":{"start":{"line":298,"column":16},"end":{"line":298,"column":78}},"89":{"start":{"line":300,"column":16},"end":{"line":317,"column":17}},"90":{"start":{"line":302,"column":20},"end":{"line":302,"column":47}},"91":{"start":{"line":303,"column":20},"end":{"line":305,"column":21}},"92":{"start":{"line":304,"column":24},"end":{"line":304,"column":62}},"93":{"start":{"line":306,"column":20},"end":{"line":306,"column":38}},"94":{"start":{"line":309,"column":20},"end":{"line":316,"column":23}},"95":{"start":{"line":320,"column":12},"end":{"line":320,"column":36}},"96":{"start":{"line":322,"column":12},"end":{"line":322,"column":37}},"97":{"start":{"line":328,"column":0},"end":{"line":368,"column":1}},"98":{"start":{"line":329,"column":4},"end":{"line":367,"column":8}},"99":{"start":{"line":335,"column":8},"end":{"line":366,"column":9}},"100":{"start":{"line":337,"column":23},"end":{"line":337,"column":69}},"101":{"start":{"line":339,"column":12},"end":{"line":361,"column":13}},"102":{"start":{"line":341,"column":16},"end":{"line":341,"column":81}},"103":{"start":{"line":343,"column":16},"end":{"line":360,"column":17}},"104":{"start":{"line":345,"column":20},"end":{"line":345,"column":49}},"105":{"start":{"line":346,"column":20},"end":{"line":348,"column":21}},"106":{"start":{"line":347,"column":24},"end":{"line":347,"column":62}},"107":{"start":{"line":349,"column":20},"end":{"line":349,"column":38}},"108":{"start":{"line":352,"column":20},"end":{"line":359,"column":23}},"109":{"start":{"line":363,"column":12},"end":{"line":363,"column":36}},"110":{"start":{"line":365,"column":12},"end":{"line":365,"column":37}},"111":{"start":{"line":371,"column":34},"end":{"line":388,"column":1}},"112":{"start":{"line":372,"column":4},"end":{"line":387,"column":5}},"113":{"start":{"line":374,"column":22},"end":{"line":374,"column":49}},"114":{"start":{"line":375,"column":29},"end":{"line":375,"column":63}},"115":{"start":{"line":378,"column":8},"end":{"line":378,"column":45}},"116":{"start":{"line":379,"column":8},"end":{"line":379,"column":30}},"117":{"start":{"line":382,"column":28},"end":{"line":382,"column":79}},"118":{"start":{"line":383,"column":8},"end":{"line":383,"column":97}},"119":{"start":{"line":385,"column":28},"end":{"line":385,"column":79}},"120":{"start":{"line":386,"column":8},"end":{"line":386,"column":80}}},"fnMap":{"0":{"name":"(anonymous_0)","decl":{"start":{"line":8,"column":22},"end":{"line":8,"column":23}},"loc":{"start":{"line":8,"column":30},"end":{"line":12,"column":1}},"line":8},"1":{"name":"(anonymous_1)","decl":{"start":{"line":15,"column":29},"end":{"line":15,"column":30}},"loc":{"start":{"line":15,"column":37},"end":{"line":19,"column":1}},"line":15},"2":{"name":"(anonymous_2)","decl":{"start":{"line":22,"column":24},"end":{"line":22,"column":25}},"loc":{"start":{"line":22,"column":44},"end":{"line":72,"column":1}},"line":22},"3":{"name":"(anonymous_3)","decl":{"start":{"line":75,"column":21},"end":{"line":75,"column":22}},"loc":{"start":{"line":75,"column":41},"end":{"line":129,"column":1}},"line":75},"4":{"name":"(anonymous_4)","decl":{"start":{"line":132,"column":22},"end":{"line":132,"column":23}},"loc":{"start":{"line":132,"column":42},"end":{"line":149,"column":1}},"line":132},"5":{"name":"(anonymous_5)","decl":{"start":{"line":152,"column":28},"end":{"line":152,"column":29}},"loc":{"start":{"line":152,"column":48},"end":{"line":193,"column":1}},"line":152},"6":{"name":"(anonymous_6)","decl":{"start":{"line":196,"column":30},"end":{"line":196,"column":31}},"loc":{"start":{"line":196,"column":50},"end":{"line":209,"column":1}},"line":196},"7":{"name":"(anonymous_7)","decl":{"start":{"line":212,"column":29},"end":{"line":212,"column":30}},"loc":{"start":{"line":212,"column":49},"end":{"line":252,"column":1}},"line":212},"8":{"name":"(anonymous_8)","decl":{"start":{"line":255,"column":30},"end":{"line":255,"column":31}},"loc":{"start":{"line":255,"column":50},"end":{"line":283,"column":1}},"line":255},"9":{"name":"(anonymous_9)","decl":{"start":{"line":291,"column":7},"end":{"line":291,"column":8}},"loc":{"start":{"line":291,"column":59},"end":{"line":324,"column":5}},"line":291},"10":{"name":"(anonymous_10)","decl":{"start":{"line":334,"column":7},"end":{"line":334,"column":8}},"loc":{"start":{"line":334,"column":59},"end":{"line":367,"column":5}},"line":334},"11":{"name":"(anonymous_11)","decl":{"start":{"line":371,"column":34},"end":{"line":371,"column":35}},"loc":{"start":{"line":371,"column":54},"end":{"line":388,"column":1}},"line":371}},"branchMap":{"0":{"loc":{"start":{"line":10,"column":19},"end":{"line":10,"column":53}},"type":"binary-expr","locations":[{"start":{"line":10,"column":19},"end":{"line":10,"column":45}},{"start":{"line":10,"column":49},"end":{"line":10,"column":53}}],"line":10},"1":{"loc":{"start":{"line":16,"column":28},"end":{"line":16,"column":84}},"type":"binary-expr","locations":[{"start":{"line":16,"column":28},"end":{"line":16,"column":58}},{"start":{"line":16,"column":62},"end":{"line":16,"column":84}}],"line":16},"2":{"loc":{"start":{"line":28,"column":8},"end":{"line":35,"column":9}},"type":"if","locations":[{"start":{"line":28,"column":8},"end":{"line":35,"column":9}},{"start":{},"end":{}}],"line":28},"3":{"loc":{"start":{"line":31,"column":25},"end":{"line":33,"column":46}},"type":"cond-expr","locations":[{"start":{"line":32,"column":22},"end":{"line":32,"column":48}},{"start":{"line":33,"column":22},"end":{"line":33,"column":46}}],"line":31},"4":{"loc":{"start":{"line":69,"column":21},"end":{"line":69,"column":85}},"type":"cond-expr","locations":[{"start":{"line":69,"column":62},"end":{"line":69,"column":73}},{"start":{"line":69,"column":76},"end":{"line":69,"column":85}}],"line":69},"5":{"loc":{"start":{"line":81,"column":8},"end":{"line":86,"column":9}},"type":"if","locations":[{"start":{"line":81,"column":8},"end":{"line":86,"column":9}},{"start":{},"end":{}}],"line":81},"6":{"loc":{"start":{"line":89,"column":8},"end":{"line":94,"column":9}},"type":"if","locations":[{"start":{"line":89,"column":8},"end":{"line":94,"column":9}},{"start":{},"end":{}}],"line":89},"7":{"loc":{"start":{"line":98,"column":8},"end":{"line":103,"column":9}},"type":"if","locations":[{"start":{"line":98,"column":8},"end":{"line":103,"column":9}},{"start":{},"end":{}}],"line":98},"8":{"loc":{"start":{"line":156,"column":8},"end":{"line":161,"column":9}},"type":"if","locations":[{"start":{"line":156,"column":8},"end":{"line":161,"column":9}},{"start":{},"end":{}}],"line":156},"9":{"loc":{"start":{"line":166,"column":12},"end":{"line":166,"column":68}},"type":"binary-expr","locations":[{"start":{"line":166,"column":12},"end":{"line":166,"column":42}},{"start":{"line":166,"column":46},"end":{"line":166,"column":68}}],"line":166},"10":{"loc":{"start":{"line":171,"column":8},"end":{"line":176,"column":9}},"type":"if","locations":[{"start":{"line":171,"column":8},"end":{"line":176,"column":9}},{"start":{},"end":{}}],"line":171},"11":{"loc":{"start":{"line":171,"column":12},"end":{"line":171,"column":55}},"type":"binary-expr","locations":[{"start":{"line":171,"column":12},"end":{"line":171,"column":17}},{"start":{"line":171,"column":21},"end":{"line":171,"column":55}}],"line":171},"12":{"loc":{"start":{"line":217,"column":8},"end":{"line":217,"column":38}},"type":"if","locations":[{"start":{"line":217,"column":8},"end":{"line":217,"column":38}},{"start":{},"end":{}}],"line":217},"13":{"loc":{"start":{"line":218,"column":8},"end":{"line":231,"column":9}},"type":"if","locations":[{"start":{"line":218,"column":8},"end":{"line":231,"column":9}},{"start":{},"end":{}}],"line":218},"14":{"loc":{"start":{"line":224,"column":12},"end":{"line":229,"column":13}},"type":"if","locations":[{"start":{"line":224,"column":12},"end":{"line":229,"column":13}},{"start":{},"end":{}}],"line":224},"15":{"loc":{"start":{"line":232,"column":8},"end":{"line":232,"column":44}},"type":"if","locations":[{"start":{"line":232,"column":8},"end":{"line":232,"column":44}},{"start":{},"end":{}}],"line":232},"16":{"loc":{"start":{"line":261,"column":8},"end":{"line":266,"column":9}},"type":"if","locations":[{"start":{"line":261,"column":8},"end":{"line":266,"column":9}},{"start":{},"end":{}}],"line":261},"17":{"loc":{"start":{"line":286,"column":0},"end":{"line":325,"column":1}},"type":"if","locations":[{"start":{"line":286,"column":0},"end":{"line":325,"column":1}},{"start":{},"end":{}}],"line":286},"18":{"loc":{"start":{"line":286,"column":4},"end":{"line":286,"column":68}},"type":"binary-expr","locations":[{"start":{"line":286,"column":4},"end":{"line":286,"column":32}},{"start":{"line":286,"column":36},"end":{"line":286,"column":68}}],"line":286},"19":{"loc":{"start":{"line":290,"column":21},"end":{"line":290,"column":83}},"type":"binary-expr","locations":[{"start":{"line":290,"column":21},"end":{"line":290,"column":52}},{"start":{"line":290,"column":56},"end":{"line":290,"column":83}}],"line":290},"20":{"loc":{"start":{"line":296,"column":12},"end":{"line":318,"column":13}},"type":"if","locations":[{"start":{"line":296,"column":12},"end":{"line":318,"column":13}},{"start":{},"end":{}}],"line":296},"21":{"loc":{"start":{"line":300,"column":16},"end":{"line":317,"column":17}},"type":"if","locations":[{"start":{"line":300,"column":16},"end":{"line":317,"column":17}},{"start":{"line":307,"column":23},"end":{"line":317,"column":17}}],"line":300},"22":{"loc":{"start":{"line":303,"column":20},"end":{"line":305,"column":21}},"type":"if","locations":[{"start":{"line":303,"column":20},"end":{"line":305,"column":21}},{"start":{},"end":{}}],"line":303},"23":{"loc":{"start":{"line":303,"column":24},"end":{"line":303,"column":66}},"type":"binary-expr","locations":[{"start":{"line":303,"column":24},"end":{"line":303,"column":36}},{"start":{"line":303,"column":40},"end":{"line":303,"column":66}}],"line":303},"24":{"loc":{"start":{"line":314,"column":32},"end":{"line":314,"column":64}},"type":"binary-expr","locations":[{"start":{"line":314,"column":32},"end":{"line":314,"column":58}},{"start":{"line":314,"column":62},"end":{"line":314,"column":64}}],"line":314},"25":{"loc":{"start":{"line":328,"column":0},"end":{"line":368,"column":1}},"type":"if","locations":[{"start":{"line":328,"column":0},"end":{"line":368,"column":1}},{"start":{},"end":{}}],"line":328},"26":{"loc":{"start":{"line":328,"column":4},"end":{"line":328,"column":66}},"type":"binary-expr","locations":[{"start":{"line":328,"column":4},"end":{"line":328,"column":31}},{"start":{"line":328,"column":35},"end":{"line":328,"column":66}}],"line":328},"27":{"loc":{"start":{"line":332,"column":21},"end":{"line":332,"column":87}},"type":"binary-expr","locations":[{"start":{"line":332,"column":21},"end":{"line":332,"column":54}},{"start":{"line":332,"column":58},"end":{"line":332,"column":87}}],"line":332},"28":{"loc":{"start":{"line":339,"column":12},"end":{"line":361,"column":13}},"type":"if","locations":[{"start":{"line":339,"column":12},"end":{"line":361,"column":13}},{"start":{},"end":{}}],"line":339},"29":{"loc":{"start":{"line":343,"column":16},"end":{"line":360,"column":17}},"type":"if","locations":[{"start":{"line":343,"column":16},"end":{"line":360,"column":17}},{"start":{"line":350,"column":23},"end":{"line":360,"column":17}}],"line":343},"30":{"loc":{"start":{"line":346,"column":20},"end":{"line":348,"column":21}},"type":"if","locations":[{"start":{"line":346,"column":20},"end":{"line":348,"column":21}},{"start":{},"end":{}}],"line":346},"31":{"loc":{"start":{"line":346,"column":24},"end":{"line":346,"column":66}},"type":"binary-expr","locations":[{"start":{"line":346,"column":24},"end":{"line":346,"column":36}},{"start":{"line":346,"column":40},"end":{"line":346,"column":66}}],"line":346},"32":{"loc":{"start":{"line":354,"column":31},"end":{"line":354,"column":94}},"type":"binary-expr","locations":[{"start":{"line":354,"column":31},"end":{"line":354,"column":57}},{"start":{"line":354,"column":61},"end":{"line":354,"column":94}}],"line":354},"33":{"loc":{"start":{"line":356,"column":35},"end":{"line":356,"column":89}},"type":"binary-expr","locations":[{"start":{"line":356,"column":35},"end":{"line":356,"column":76}},{"start":{"line":356,"column":80},"end":{"line":356,"column":89}}],"line":356},"34":{"loc":{"start":{"line":357,"column":32},"end":{"line":357,"column":64}},"type":"binary-expr","locations":[{"start":{"line":357,"column":32},"end":{"line":357,"column":58}},{"start":{"line":357,"column":62},"end":{"line":357,"column":64}}],"line":357},"35":{"loc":{"start":{"line":382,"column":28},"end":{"line":382,"column":79}},"type":"binary-expr","locations":[{"start":{"line":382,"column":28},"end":{"line":382,"column":52}},{"start":{"line":382,"column":56},"end":{"line":382,"column":79}}],"line":382},"36":{"loc":{"start":{"line":385,"column":28},"end":{"line":385,"column":79}},"type":"binary-expr","locations":[{"start":{"line":385,"column":28},"end":{"line":385,"column":52}},{"start":{"line":385,"column":56},"end":{"line":385,"column":79}}],"line":385}},"s":{"0":3,"1":49,"2":3,"3":48,"4":3,"5":30,"6":30,"7":30,"8":30,"9":1,"10":29,"11":29,"12":29,"13":29,"14":29,"15":29,"16":0,"17":0,"18":3,"19":21,"20":21,"21":21,"22":21,"23":1,"24":20,"25":0,"26":20,"27":20,"28":1,"29":19,"30":19,"31":19,"32":19,"33":19,"34":0,"35":3,"36":0,"37":0,"38":0,"39":0,"40":0,"41":3,"42":2,"43":2,"44":2,"45":0,"46":2,"47":1,"48":1,"49":0,"50":1,"51":1,"52":1,"53":3,"54":1,"55":1,"56":0,"57":3,"58":0,"59":0,"60":0,"61":0,"62":0,"63":0,"64":0,"65":0,"66":0,"67":0,"68":0,"69":0,"70":0,"71":0,"72":0,"73":3,"74":0,"75":0,"76":0,"77":0,"78":0,"79":0,"80":0,"81":0,"82":0,"83":3,"84":0,"85":0,"86":0,"87":0,"88":0,"89":0,"90":0,"91":0,"92":0,"93":0,"94":0,"95":0,"96":0,"97":3,"98":0,"99":0,"100":0,"101":0,"102":0,"103":0,"104":0,"105":0,"106":0,"107":0,"108":0,"109":0,"110":0,"111":3,"112":0,"113":0,"114":0,"115":0,"116":0,"117":0,"118":0,"119":0,"120":0},"f":{"0":49,"1":48,"2":30,"3":21,"4":0,"5":2,"6":1,"7":0,"8":0,"9":0,"10":0,"11":0},"b":{"0":[49,0],"1":[48,0],"2":[1,29],"3":[1,0],"4":[0,0],"5":[1,20],"6":[0,20],"7":[1,19],"8":[0,2],"9":[2,0],"10":[0,1],"11":[1,1],"12":[0,0],"13":[0,0],"14":[0,0],"15":[0,0],"16":[0,0],"17":[0,3],"18":[3,0],"19":[0,0],"20":[0,0],"21":[0,0],"22":[0,0],"23":[0,0],"24":[0,0],"25":[0,3],"26":[3,0],"27":[0,0],"28":[0,0],"29":[0,0],"30":[0,0],"31":[0,0],"32":[0,0],"33":[0,0],"34":[0,0],"35":[0,0],"36":[0,0]},"_coverageSchema":"1a1c01bbd47fc00a2c39e90264f33305004495a9","hash":"39c970c6358623829e511ba222a70d9b69881d0a"}
,"E:\\blog\\server\\controller\\blogController.js": {"path":"E:\\blog\\server\\controller\\blogController.js","statementMap":{"0":{"start":{"line":7,"column":26},"end":{"line":45,"column":1}},"1":{"start":{"line":8,"column":4},"end":{"line":44,"column":5}},"2":{"start":{"line":9,"column":70},"end":{"line":9,"column":78}},"3":{"start":{"line":11,"column":21},"end":{"line":19,"column":10}},"4":{"start":{"line":21,"column":8},"end":{"line":21,"column":62}},"5":{"start":{"line":24,"column":8},"end":{"line":24,"column":59}},"6":{"start":{"line":27,"column":8},"end":{"line":29,"column":9}},"7":{"start":{"line":28,"column":12},"end":{"line":28,"column":44}},"8":{"start":{"line":31,"column":8},"end":{"line":35,"column":11}},"9":{"start":{"line":37,"column":8},"end":{"line":37,"column":51}},"10":{"start":{"line":38,"column":8},"end":{"line":43,"column":11}},"11":{"start":{"line":48,"column":27},"end":{"line":118,"column":1}},"12":{"start":{"line":49,"column":4},"end":{"line":117,"column":5}},"13":{"start":{"line":59,"column":12},"end":{"line":59,"column":21}},"14":{"start":{"line":61,"column":22},"end":{"line":61,"column":42}},"15":{"start":{"line":64,"column":8},"end":{"line":64,"column":42}},"16":{"start":{"line":64,"column":20},"end":{"line":64,"column":42}},"17":{"start":{"line":65,"column":8},"end":{"line":65,"column":42}},"18":{"start":{"line":65,"column":20},"end":{"line":65,"column":42}},"19":{"start":{"line":66,"column":8},"end":{"line":66,"column":34}},"20":{"start":{"line":66,"column":17},"end":{"line":66,"column":34}},"21":{"start":{"line":67,"column":8},"end":{"line":72,"column":9}},"22":{"start":{"line":68,"column":12},"end":{"line":71,"column":14}},"23":{"start":{"line":75,"column":8},"end":{"line":79,"column":9}},"24":{"start":{"line":76,"column":12},"end":{"line":78,"column":13}},"25":{"start":{"line":77,"column":16},"end":{"line":77,"column":43}},"26":{"start":{"line":81,"column":21},"end":{"line":81,"column":59}},"27":{"start":{"line":82,"column":26},"end":{"line":82,"column":50}},"28":{"start":{"line":84,"column":22},"end":{"line":89,"column":19}},"29":{"start":{"line":92,"column":34},"end":{"line":97,"column":9}},"30":{"start":{"line":94,"column":37},"end":{"line":94,"column":85}},"31":{"start":{"line":95,"column":16},"end":{"line":95,"column":49}},"32":{"start":{"line":99,"column":22},"end":{"line":99,"column":54}},"33":{"start":{"line":101,"column":8},"end":{"line":110,"column":11}},"34":{"start":{"line":112,"column":8},"end":{"line":116,"column":11}},"35":{"start":{"line":121,"column":27},"end":{"line":181,"column":1}},"36":{"start":{"line":122,"column":4},"end":{"line":180,"column":5}},"37":{"start":{"line":123,"column":27},"end":{"line":123,"column":40}},"38":{"start":{"line":126,"column":27},"end":{"line":126,"column":63}},"39":{"start":{"line":128,"column":22},"end":{"line":130,"column":52}},"40":{"start":{"line":132,"column":21},"end":{"line":145,"column":10}},"41":{"start":{"line":147,"column":8},"end":{"line":152,"column":9}},"42":{"start":{"line":148,"column":12},"end":{"line":151,"column":15}},"43":{"start":{"line":155,"column":8},"end":{"line":164,"column":9}},"44":{"start":{"line":156,"column":12},"end":{"line":163,"column":13}},"45":{"start":{"line":159,"column":16},"end":{"line":162,"column":19}},"46":{"start":{"line":167,"column":8},"end":{"line":167,"column":24}},"47":{"start":{"line":168,"column":8},"end":{"line":168,"column":26}},"48":{"start":{"line":170,"column":8},"end":{"line":173,"column":11}},"49":{"start":{"line":175,"column":8},"end":{"line":179,"column":11}},"50":{"start":{"line":184,"column":26},"end":{"line":245,"column":1}},"51":{"start":{"line":185,"column":4},"end":{"line":244,"column":5}},"52":{"start":{"line":186,"column":27},"end":{"line":186,"column":40}},"53":{"start":{"line":187,"column":27},"end":{"line":187,"column":63}},"54":{"start":{"line":189,"column":22},"end":{"line":191,"column":52}},"55":{"start":{"line":193,"column":21},"end":{"line":193,"column":46}},"56":{"start":{"line":195,"column":8},"end":{"line":200,"column":9}},"57":{"start":{"line":196,"column":12},"end":{"line":199,"column":15}},"58":{"start":{"line":203,"column":8},"end":{"line":209,"column":9}},"59":{"start":{"line":205,"column":12},"end":{"line":208,"column":15}},"60":{"start":{"line":211,"column":70},"end":{"line":211,"column":78}},"61":{"start":{"line":212,"column":24},"end":{"line":212,"column":26}},"62":{"start":{"line":214,"column":8},"end":{"line":214,"column":55}},"63":{"start":{"line":214,"column":33},"end":{"line":214,"column":55}},"64":{"start":{"line":215,"column":8},"end":{"line":215,"column":61}},"65":{"start":{"line":215,"column":35},"end":{"line":215,"column":61}},"66":{"start":{"line":216,"column":8},"end":{"line":216,"column":61}},"67":{"start":{"line":216,"column":35},"end":{"line":216,"column":61}},"68":{"start":{"line":217,"column":8},"end":{"line":217,"column":52}},"69":{"start":{"line":217,"column":32},"end":{"line":217,"column":52}},"70":{"start":{"line":218,"column":8},"end":{"line":218,"column":70}},"71":{"start":{"line":218,"column":38},"end":{"line":218,"column":70}},"72":{"start":{"line":219,"column":8},"end":{"line":219,"column":58}},"73":{"start":{"line":219,"column":34},"end":{"line":219,"column":58}},"74":{"start":{"line":221,"column":28},"end":{"line":225,"column":52}},"75":{"start":{"line":228,"column":8},"end":{"line":228,"column":59}},"76":{"start":{"line":231,"column":8},"end":{"line":231,"column":50}},"77":{"start":{"line":233,"column":8},"end":{"line":237,"column":11}},"78":{"start":{"line":239,"column":8},"end":{"line":243,"column":11}},"79":{"start":{"line":248,"column":26},"end":{"line":294,"column":1}},"80":{"start":{"line":249,"column":4},"end":{"line":293,"column":5}},"81":{"start":{"line":250,"column":27},"end":{"line":250,"column":40}},"82":{"start":{"line":251,"column":27},"end":{"line":251,"column":63}},"83":{"start":{"line":253,"column":22},"end":{"line":255,"column":52}},"84":{"start":{"line":257,"column":21},"end":{"line":257,"column":46}},"85":{"start":{"line":259,"column":8},"end":{"line":264,"column":9}},"86":{"start":{"line":260,"column":12},"end":{"line":263,"column":15}},"87":{"start":{"line":267,"column":8},"end":{"line":273,"column":9}},"88":{"start":{"line":269,"column":12},"end":{"line":272,"column":15}},"89":{"start":{"line":275,"column":8},"end":{"line":275,"column":32}},"90":{"start":{"line":278,"column":8},"end":{"line":278,"column":59}},"91":{"start":{"line":281,"column":8},"end":{"line":281,"column":47}},"92":{"start":{"line":283,"column":8},"end":{"line":286,"column":11}},"93":{"start":{"line":288,"column":8},"end":{"line":292,"column":11}},"94":{"start":{"line":297,"column":27},"end":{"line":328,"column":1}},"95":{"start":{"line":298,"column":4},"end":{"line":327,"column":5}},"96":{"start":{"line":299,"column":21},"end":{"line":302,"column":10}},"97":{"start":{"line":304,"column":8},"end":{"line":309,"column":9}},"98":{"start":{"line":305,"column":12},"end":{"line":308,"column":15}},"99":{"start":{"line":311,"column":8},"end":{"line":311,"column":29}},"100":{"start":{"line":314,"column":8},"end":{"line":314,"column":59}},"101":{"start":{"line":316,"column":8},"end":{"line":320,"column":11}},"102":{"start":{"line":322,"column":8},"end":{"line":326,"column":11}},"103":{"start":{"line":331,"column":26},"end":{"line":369,"column":1}},"104":{"start":{"line":332,"column":4},"end":{"line":368,"column":5}},"105":{"start":{"line":333,"column":49},"end":{"line":333,"column":58}},"106":{"start":{"line":335,"column":22},"end":{"line":338,"column":9}},"107":{"start":{"line":340,"column":8},"end":{"line":340,"column":42}},"108":{"start":{"line":340,"column":20},"end":{"line":340,"column":42}},"109":{"start":{"line":342,"column":21},"end":{"line":342,"column":59}},"110":{"start":{"line":344,"column":22},"end":{"line":348,"column":23}},"111":{"start":{"line":350,"column":22},"end":{"line":350,"column":54}},"112":{"start":{"line":352,"column":8},"end":{"line":361,"column":11}},"113":{"start":{"line":363,"column":8},"end":{"line":367,"column":11}},"114":{"start":{"line":372,"column":32},"end":{"line":403,"column":1}},"115":{"start":{"line":373,"column":4},"end":{"line":402,"column":5}},"116":{"start":{"line":374,"column":31},"end":{"line":374,"column":40}},"117":{"start":{"line":376,"column":22},"end":{"line":383,"column":15}},"118":{"start":{"line":385,"column":34},"end":{"line":390,"column":9}},"119":{"start":{"line":387,"column":37},"end":{"line":387,"column":85}},"120":{"start":{"line":388,"column":16},"end":{"line":388,"column":49}},"121":{"start":{"line":392,"column":8},"end":{"line":395,"column":11}},"122":{"start":{"line":397,"column":8},"end":{"line":401,"column":11}}},"fnMap":{"0":{"name":"(anonymous_0)","decl":{"start":{"line":7,"column":26},"end":{"line":7,"column":27}},"loc":{"start":{"line":7,"column":46},"end":{"line":45,"column":1}},"line":7},"1":{"name":"(anonymous_1)","decl":{"start":{"line":48,"column":27},"end":{"line":48,"column":28}},"loc":{"start":{"line":48,"column":47},"end":{"line":118,"column":1}},"line":48},"2":{"name":"(anonymous_2)","decl":{"start":{"line":93,"column":22},"end":{"line":93,"column":23}},"loc":{"start":{"line":93,"column":38},"end":{"line":96,"column":13}},"line":93},"3":{"name":"(anonymous_3)","decl":{"start":{"line":121,"column":27},"end":{"line":121,"column":28}},"loc":{"start":{"line":121,"column":47},"end":{"line":181,"column":1}},"line":121},"4":{"name":"(anonymous_4)","decl":{"start":{"line":184,"column":26},"end":{"line":184,"column":27}},"loc":{"start":{"line":184,"column":46},"end":{"line":245,"column":1}},"line":184},"5":{"name":"(anonymous_5)","decl":{"start":{"line":248,"column":26},"end":{"line":248,"column":27}},"loc":{"start":{"line":248,"column":46},"end":{"line":294,"column":1}},"line":248},"6":{"name":"(anonymous_6)","decl":{"start":{"line":297,"column":27},"end":{"line":297,"column":28}},"loc":{"start":{"line":297,"column":47},"end":{"line":328,"column":1}},"line":297},"7":{"name":"(anonymous_7)","decl":{"start":{"line":331,"column":26},"end":{"line":331,"column":27}},"loc":{"start":{"line":331,"column":46},"end":{"line":369,"column":1}},"line":331},"8":{"name":"(anonymous_8)","decl":{"start":{"line":372,"column":32},"end":{"line":372,"column":33}},"loc":{"start":{"line":372,"column":52},"end":{"line":403,"column":1}},"line":372},"9":{"name":"(anonymous_9)","decl":{"start":{"line":386,"column":22},"end":{"line":386,"column":23}},"loc":{"start":{"line":386,"column":38},"end":{"line":389,"column":13}},"line":386}},"branchMap":{"0":{"loc":{"start":{"line":14,"column":21},"end":{"line":14,"column":57}},"type":"binary-expr","locations":[{"start":{"line":14,"column":21},"end":{"line":14,"column":28}},{"start":{"line":14,"column":32},"end":{"line":14,"column":57}}],"line":14},"1":{"loc":{"start":{"line":15,"column":18},"end":{"line":15,"column":28}},"type":"binary-expr","locations":[{"start":{"line":15,"column":18},"end":{"line":15,"column":22}},{"start":{"line":15,"column":26},"end":{"line":15,"column":28}}],"line":15},"2":{"loc":{"start":{"line":16,"column":24},"end":{"line":16,"column":40}},"type":"binary-expr","locations":[{"start":{"line":16,"column":24},"end":{"line":16,"column":34}},{"start":{"line":16,"column":38},"end":{"line":16,"column":40}}],"line":16},"3":{"loc":{"start":{"line":17,"column":20},"end":{"line":17,"column":41}},"type":"binary-expr","locations":[{"start":{"line":17,"column":20},"end":{"line":17,"column":26}},{"start":{"line":17,"column":30},"end":{"line":17,"column":41}}],"line":17},"4":{"loc":{"start":{"line":27,"column":8},"end":{"line":29,"column":9}},"type":"if","locations":[{"start":{"line":27,"column":8},"end":{"line":29,"column":9}},{"start":{},"end":{}}],"line":27},"5":{"loc":{"start":{"line":42,"column":21},"end":{"line":42,"column":85}},"type":"cond-expr","locations":[{"start":{"line":42,"column":62},"end":{"line":42,"column":73}},{"start":{"line":42,"column":76},"end":{"line":42,"column":85}}],"line":42},"6":{"loc":{"start":{"line":51,"column":12},"end":{"line":51,"column":20}},"type":"default-arg","locations":[{"start":{"line":51,"column":19},"end":{"line":51,"column":20}}],"line":51},"7":{"loc":{"start":{"line":52,"column":12},"end":{"line":52,"column":22}},"type":"default-arg","locations":[{"start":{"line":52,"column":20},"end":{"line":52,"column":22}}],"line":52},"8":{"loc":{"start":{"line":57,"column":12},"end":{"line":57,"column":32}},"type":"default-arg","locations":[{"start":{"line":57,"column":21},"end":{"line":57,"column":32}}],"line":57},"9":{"loc":{"start":{"line":58,"column":12},"end":{"line":58,"column":26}},"type":"default-arg","locations":[{"start":{"line":58,"column":20},"end":{"line":58,"column":26}}],"line":58},"10":{"loc":{"start":{"line":64,"column":8},"end":{"line":64,"column":42}},"type":"if","locations":[{"start":{"line":64,"column":8},"end":{"line":64,"column":42}},{"start":{},"end":{}}],"line":64},"11":{"loc":{"start":{"line":65,"column":8},"end":{"line":65,"column":42}},"type":"if","locations":[{"start":{"line":65,"column":8},"end":{"line":65,"column":42}},{"start":{},"end":{}}],"line":65},"12":{"loc":{"start":{"line":66,"column":8},"end":{"line":66,"column":34}},"type":"if","locations":[{"start":{"line":66,"column":8},"end":{"line":66,"column":34}},{"start":{},"end":{}}],"line":66},"13":{"loc":{"start":{"line":67,"column":8},"end":{"line":72,"column":9}},"type":"if","locations":[{"start":{"line":67,"column":8},"end":{"line":72,"column":9}},{"start":{},"end":{}}],"line":67},"14":{"loc":{"start":{"line":75,"column":8},"end":{"line":79,"column":9}},"type":"if","locations":[{"start":{"line":75,"column":8},"end":{"line":79,"column":9}},{"start":{},"end":{}}],"line":75},"15":{"loc":{"start":{"line":75,"column":12},"end":{"line":75,"column":50}},"type":"binary-expr","locations":[{"start":{"line":75,"column":12},"end":{"line":75,"column":21}},{"start":{"line":75,"column":25},"end":{"line":75,"column":50}}],"line":75},"16":{"loc":{"start":{"line":76,"column":12},"end":{"line":78,"column":13}},"type":"if","locations":[{"start":{"line":76,"column":12},"end":{"line":78,"column":13}},{"start":{},"end":{}}],"line":76},"17":{"loc":{"start":{"line":76,"column":16},"end":{"line":76,"column":75}},"type":"binary-expr","locations":[{"start":{"line":76,"column":16},"end":{"line":76,"column":23}},{"start":{"line":76,"column":28},"end":{"line":76,"column":36}},{"start":{"line":76,"column":40},"end":{"line":76,"column":74}}],"line":76},"18":{"loc":{"start":{"line":82,"column":26},"end":{"line":82,"column":50}},"type":"cond-expr","locations":[{"start":{"line":82,"column":44},"end":{"line":82,"column":45}},{"start":{"line":82,"column":48},"end":{"line":82,"column":50}}],"line":82},"19":{"loc":{"start":{"line":128,"column":22},"end":{"line":130,"column":52}},"type":"cond-expr","locations":[{"start":{"line":129,"column":14},"end":{"line":129,"column":51}},{"start":{"line":130,"column":14},"end":{"line":130,"column":52}}],"line":128},"20":{"loc":{"start":{"line":147,"column":8},"end":{"line":152,"column":9}},"type":"if","locations":[{"start":{"line":147,"column":8},"end":{"line":152,"column":9}},{"start":{},"end":{}}],"line":147},"21":{"loc":{"start":{"line":155,"column":8},"end":{"line":164,"column":9}},"type":"if","locations":[{"start":{"line":155,"column":8},"end":{"line":164,"column":9}},{"start":{},"end":{}}],"line":155},"22":{"loc":{"start":{"line":156,"column":12},"end":{"line":163,"column":13}},"type":"if","locations":[{"start":{"line":156,"column":12},"end":{"line":163,"column":13}},{"start":{},"end":{}}],"line":156},"23":{"loc":{"start":{"line":156,"column":16},"end":{"line":158,"column":43}},"type":"binary-expr","locations":[{"start":{"line":156,"column":16},"end":{"line":156,"column":25}},{"start":{"line":157,"column":17},"end":{"line":157,"column":71}},{"start":{"line":158,"column":17},"end":{"line":158,"column":42}}],"line":156},"24":{"loc":{"start":{"line":189,"column":22},"end":{"line":191,"column":52}},"type":"cond-expr","locations":[{"start":{"line":190,"column":14},"end":{"line":190,"column":51}},{"start":{"line":191,"column":14},"end":{"line":191,"column":52}}],"line":189},"25":{"loc":{"start":{"line":195,"column":8},"end":{"line":200,"column":9}},"type":"if","locations":[{"start":{"line":195,"column":8},"end":{"line":200,"column":9}},{"start":{},"end":{}}],"line":195},"26":{"loc":{"start":{"line":203,"column":8},"end":{"line":209,"column":9}},"type":"if","locations":[{"start":{"line":203,"column":8},"end":{"line":209,"column":9}},{"start":{},"end":{}}],"line":203},"27":{"loc":{"start":{"line":203,"column":12},"end":{"line":204,"column":37}},"type":"binary-expr","locations":[{"start":{"line":203,"column":12},"end":{"line":203,"column":62}},{"start":{"line":204,"column":12},"end":{"line":204,"column":37}}],"line":203},"28":{"loc":{"start":{"line":214,"column":8},"end":{"line":214,"column":55}},"type":"if","locations":[{"start":{"line":214,"column":8},"end":{"line":214,"column":55}},{"start":{},"end":{}}],"line":214},"29":{"loc":{"start":{"line":215,"column":8},"end":{"line":215,"column":61}},"type":"if","locations":[{"start":{"line":215,"column":8},"end":{"line":215,"column":61}},{"start":{},"end":{}}],"line":215},"30":{"loc":{"start":{"line":216,"column":8},"end":{"line":216,"column":61}},"type":"if","locations":[{"start":{"line":216,"column":8},"end":{"line":216,"column":61}},{"start":{},"end":{}}],"line":216},"31":{"loc":{"start":{"line":217,"column":8},"end":{"line":217,"column":52}},"type":"if","locations":[{"start":{"line":217,"column":8},"end":{"line":217,"column":52}},{"start":{},"end":{}}],"line":217},"32":{"loc":{"start":{"line":218,"column":8},"end":{"line":218,"column":70}},"type":"if","locations":[{"start":{"line":218,"column":8},"end":{"line":218,"column":70}},{"start":{},"end":{}}],"line":218},"33":{"loc":{"start":{"line":219,"column":8},"end":{"line":219,"column":58}},"type":"if","locations":[{"start":{"line":219,"column":8},"end":{"line":219,"column":58}},{"start":{},"end":{}}],"line":219},"34":{"loc":{"start":{"line":253,"column":22},"end":{"line":255,"column":52}},"type":"cond-expr","locations":[{"start":{"line":254,"column":14},"end":{"line":254,"column":51}},{"start":{"line":255,"column":14},"end":{"line":255,"column":52}}],"line":253},"35":{"loc":{"start":{"line":259,"column":8},"end":{"line":264,"column":9}},"type":"if","locations":[{"start":{"line":259,"column":8},"end":{"line":264,"column":9}},{"start":{},"end":{}}],"line":259},"36":{"loc":{"start":{"line":267,"column":8},"end":{"line":273,"column":9}},"type":"if","locations":[{"start":{"line":267,"column":8},"end":{"line":273,"column":9}},{"start":{},"end":{}}],"line":267},"37":{"loc":{"start":{"line":267,"column":12},"end":{"line":268,"column":37}},"type":"binary-expr","locations":[{"start":{"line":267,"column":12},"end":{"line":267,"column":62}},{"start":{"line":268,"column":12},"end":{"line":268,"column":37}}],"line":267},"38":{"loc":{"start":{"line":304,"column":8},"end":{"line":309,"column":9}},"type":"if","locations":[{"start":{"line":304,"column":8},"end":{"line":309,"column":9}},{"start":{},"end":{}}],"line":304},"39":{"loc":{"start":{"line":333,"column":16},"end":{"line":333,"column":24}},"type":"default-arg","locations":[{"start":{"line":333,"column":23},"end":{"line":333,"column":24}}],"line":333},"40":{"loc":{"start":{"line":333,"column":26},"end":{"line":333,"column":36}},"type":"default-arg","locations":[{"start":{"line":333,"column":34},"end":{"line":333,"column":36}}],"line":333},"41":{"loc":{"start":{"line":340,"column":8},"end":{"line":340,"column":42}},"type":"if","locations":[{"start":{"line":340,"column":8},"end":{"line":340,"column":42}},{"start":{},"end":{}}],"line":340},"42":{"loc":{"start":{"line":374,"column":16},"end":{"line":374,"column":26}},"type":"default-arg","locations":[{"start":{"line":374,"column":24},"end":{"line":374,"column":26}}],"line":374}},"s":{"0":1,"1":1,"2":1,"3":1,"4":1,"5":1,"6":1,"7":1,"8":1,"9":0,"10":0,"11":1,"12":3,"13":3,"14":3,"15":3,"16":0,"17":3,"18":0,"19":3,"20":0,"21":3,"22":1,"23":3,"24":3,"25":3,"26":3,"27":3,"28":3,"29":3,"30":4,"31":4,"32":3,"33":3,"34":0,"35":1,"36":5,"37":5,"38":5,"39":5,"40":5,"41":5,"42":1,"43":4,"44":0,"45":0,"46":4,"47":4,"48":4,"49":0,"50":1,"51":3,"52":3,"53":3,"54":3,"55":3,"56":3,"57":0,"58":3,"59":1,"60":2,"61":2,"62":2,"63":2,"64":2,"65":1,"66":2,"67":0,"68":2,"69":0,"70":2,"71":0,"72":2,"73":0,"74":2,"75":2,"76":2,"77":2,"78":0,"79":1,"80":2,"81":2,"82":2,"83":2,"84":2,"85":2,"86":0,"87":2,"88":1,"89":1,"90":1,"91":1,"92":1,"93":0,"94":1,"95":0,"96":0,"97":0,"98":0,"99":0,"100":0,"101":0,"102":0,"103":1,"104":0,"105":0,"106":0,"107":0,"108":0,"109":0,"110":0,"111":0,"112":0,"113":0,"114":1,"115":1,"116":1,"117":1,"118":1,"119":2,"120":2,"121":1,"122":0},"f":{"0":1,"1":3,"2":4,"3":5,"4":3,"5":2,"6":0,"7":0,"8":1,"9":2},"b":{"0":[1,0],"1":[1,0],"2":[1,1],"3":[1,0],"4":[1,0],"5":[0,0],"6":[2],"7":[2],"8":[3],"9":[3],"10":[0,3],"11":[0,3],"12":[0,3],"13":[1,2],"14":[3,0],"15":[3,0],"16":[3,0],"17":[3,0,0],"18":[0,3],"19":[4,1],"20":[1,4],"21":[0,4],"22":[0,0],"23":[0,0,0],"24":[3,0],"25":[0,3],"26":[1,2],"27":[3,2],"28":[2,0],"29":[1,1],"30":[0,2],"31":[0,2],"32":[0,2],"33":[0,2],"34":[2,0],"35":[0,2],"36":[1,1],"37":[2,1],"38":[0,0],"39":[0],"40":[0],"41":[0,0],"42":[0]},"_coverageSchema":"1a1c01bbd47fc00a2c39e90264f33305004495a9","hash":"ccf39b43877fcf3d810053cfbc40ddf850ea9212"}
,"E:\\blog\\server\\controller\\commentController.js": {"path":"E:\\blog\\server\\controller\\commentController.js","statementMap":{"0":{"start":{"line":7,"column":29},"end":{"line":74,"column":1}},"1":{"start":{"line":8,"column":4},"end":{"line":73,"column":5}},"2":{"start":{"line":9,"column":43},"end":{"line":9,"column":51}},"3":{"start":{"line":10,"column":23},"end":{"line":10,"column":40}},"4":{"start":{"line":13,"column":21},"end":{"line":13,"column":74}},"5":{"start":{"line":14,"column":8},"end":{"line":19,"column":9}},"6":{"start":{"line":15,"column":12},"end":{"line":18,"column":15}},"7":{"start":{"line":22,"column":8},"end":{"line":30,"column":9}},"8":{"start":{"line":23,"column":27},"end":{"line":23,"column":64}},"9":{"start":{"line":24,"column":12},"end":{"line":29,"column":13}},"10":{"start":{"line":25,"column":16},"end":{"line":28,"column":19}},"11":{"start":{"line":32,"column":24},"end":{"line":37,"column":10}},"12":{"start":{"line":39,"column":8},"end":{"line":39,"column":65}},"13":{"start":{"line":42,"column":8},"end":{"line":45,"column":11}},"14":{"start":{"line":48,"column":8},"end":{"line":48,"column":54}},"15":{"start":{"line":51,"column":8},"end":{"line":58,"column":9}},"16":{"start":{"line":52,"column":12},"end":{"line":57,"column":15}},"17":{"start":{"line":60,"column":8},"end":{"line":64,"column":11}},"18":{"start":{"line":66,"column":8},"end":{"line":66,"column":54}},"19":{"start":{"line":67,"column":8},"end":{"line":72,"column":11}},"20":{"start":{"line":77,"column":33},"end":{"line":130,"column":1}},"21":{"start":{"line":78,"column":4},"end":{"line":129,"column":5}},"22":{"start":{"line":79,"column":27},"end":{"line":79,"column":37}},"23":{"start":{"line":80,"column":41},"end":{"line":80,"column":50}},"24":{"start":{"line":83,"column":21},"end":{"line":83,"column":74}},"25":{"start":{"line":84,"column":8},"end":{"line":89,"column":9}},"26":{"start":{"line":85,"column":12},"end":{"line":88,"column":15}},"27":{"start":{"line":91,"column":21},"end":{"line":91,"column":59}},"28":{"start":{"line":94,"column":25},"end":{"line":106,"column":19}},"29":{"start":{"line":108,"column":22},"end":{"line":111,"column":10}},"30":{"start":{"line":113,"column":8},"end":{"line":122,"column":11}},"31":{"start":{"line":124,"column":8},"end":{"line":128,"column":11}},"32":{"start":{"line":133,"column":30},"end":{"line":160,"column":1}},"33":{"start":{"line":134,"column":4},"end":{"line":159,"column":5}},"34":{"start":{"line":135,"column":24},"end":{"line":140,"column":14}},"35":{"start":{"line":142,"column":8},"end":{"line":147,"column":9}},"36":{"start":{"line":143,"column":12},"end":{"line":146,"column":15}},"37":{"start":{"line":149,"column":8},"end":{"line":152,"column":11}},"38":{"start":{"line":154,"column":8},"end":{"line":158,"column":11}},"39":{"start":{"line":163,"column":29},"end":{"line":213,"column":1}},"40":{"start":{"line":164,"column":4},"end":{"line":212,"column":5}},"41":{"start":{"line":165,"column":24},"end":{"line":165,"column":61}},"42":{"start":{"line":167,"column":8},"end":{"line":172,"column":9}},"43":{"start":{"line":168,"column":12},"end":{"line":171,"column":15}},"44":{"start":{"line":175,"column":8},"end":{"line":181,"column":9}},"45":{"start":{"line":177,"column":12},"end":{"line":180,"column":15}},"46":{"start":{"line":183,"column":28},"end":{"line":183,"column":36}},"47":{"start":{"line":185,"column":8},"end":{"line":185,"column":34}},"48":{"start":{"line":186,"column":8},"end":{"line":186,"column":32}},"49":{"start":{"line":187,"column":8},"end":{"line":187,"column":38}},"50":{"start":{"line":188,"column":8},"end":{"line":188,"column":29}},"51":{"start":{"line":190,"column":8},"end":{"line":190,"column":65}},"52":{"start":{"line":193,"column":8},"end":{"line":196,"column":11}},"53":{"start":{"line":199,"column":8},"end":{"line":199,"column":63}},"54":{"start":{"line":201,"column":8},"end":{"line":205,"column":11}},"55":{"start":{"line":207,"column":8},"end":{"line":211,"column":11}},"56":{"start":{"line":216,"column":29},"end":{"line":264,"column":1}},"57":{"start":{"line":217,"column":4},"end":{"line":263,"column":5}},"58":{"start":{"line":218,"column":24},"end":{"line":218,"column":61}},"59":{"start":{"line":220,"column":8},"end":{"line":225,"column":9}},"60":{"start":{"line":221,"column":12},"end":{"line":224,"column":15}},"61":{"start":{"line":228,"column":8},"end":{"line":234,"column":9}},"62":{"start":{"line":230,"column":12},"end":{"line":233,"column":15}},"63":{"start":{"line":236,"column":23},"end":{"line":236,"column":35}},"64":{"start":{"line":239,"column":8},"end":{"line":239,"column":65}},"65":{"start":{"line":242,"column":8},"end":{"line":242,"column":34}},"66":{"start":{"line":245,"column":8},"end":{"line":248,"column":11}},"67":{"start":{"line":251,"column":8},"end":{"line":251,"column":61}},"68":{"start":{"line":253,"column":8},"end":{"line":256,"column":11}},"69":{"start":{"line":258,"column":8},"end":{"line":262,"column":11}},"70":{"start":{"line":267,"column":29},"end":{"line":298,"column":1}},"71":{"start":{"line":268,"column":4},"end":{"line":297,"column":5}},"72":{"start":{"line":269,"column":41},"end":{"line":269,"column":50}},"73":{"start":{"line":270,"column":21},"end":{"line":270,"column":59}},"74":{"start":{"line":272,"column":25},"end":{"line":277,"column":23}},"75":{"start":{"line":279,"column":22},"end":{"line":279,"column":76}},"76":{"start":{"line":281,"column":8},"end":{"line":290,"column":11}},"77":{"start":{"line":292,"column":8},"end":{"line":296,"column":11}}},"fnMap":{"0":{"name":"(anonymous_0)","decl":{"start":{"line":7,"column":29},"end":{"line":7,"column":30}},"loc":{"start":{"line":7,"column":49},"end":{"line":74,"column":1}},"line":7},"1":{"name":"(anonymous_1)","decl":{"start":{"line":77,"column":33},"end":{"line":77,"column":34}},"loc":{"start":{"line":77,"column":53},"end":{"line":130,"column":1}},"line":77},"2":{"name":"(anonymous_2)","decl":{"start":{"line":133,"column":30},"end":{"line":133,"column":31}},"loc":{"start":{"line":133,"column":50},"end":{"line":160,"column":1}},"line":133},"3":{"name":"(anonymous_3)","decl":{"start":{"line":163,"column":29},"end":{"line":163,"column":30}},"loc":{"start":{"line":163,"column":49},"end":{"line":213,"column":1}},"line":163},"4":{"name":"(anonymous_4)","decl":{"start":{"line":216,"column":29},"end":{"line":216,"column":30}},"loc":{"start":{"line":216,"column":49},"end":{"line":264,"column":1}},"line":216},"5":{"name":"(anonymous_5)","decl":{"start":{"line":267,"column":29},"end":{"line":267,"column":30}},"loc":{"start":{"line":267,"column":49},"end":{"line":298,"column":1}},"line":267}},"branchMap":{"0":{"loc":{"start":{"line":14,"column":8},"end":{"line":19,"column":9}},"type":"if","locations":[{"start":{"line":14,"column":8},"end":{"line":19,"column":9}},{"start":{},"end":{}}],"line":14},"1":{"loc":{"start":{"line":22,"column":8},"end":{"line":30,"column":9}},"type":"if","locations":[{"start":{"line":22,"column":8},"end":{"line":30,"column":9}},{"start":{},"end":{}}],"line":22},"2":{"loc":{"start":{"line":24,"column":12},"end":{"line":29,"column":13}},"type":"if","locations":[{"start":{"line":24,"column":12},"end":{"line":29,"column":13}},{"start":{},"end":{}}],"line":24},"3":{"loc":{"start":{"line":24,"column":16},"end":{"line":24,"column":60}},"type":"binary-expr","locations":[{"start":{"line":24,"column":16},"end":{"line":24,"column":23}},{"start":{"line":24,"column":27},"end":{"line":24,"column":60}}],"line":24},"4":{"loc":{"start":{"line":36,"column":27},"end":{"line":36,"column":48}},"type":"binary-expr","locations":[{"start":{"line":36,"column":27},"end":{"line":36,"column":40}},{"start":{"line":36,"column":44},"end":{"line":36,"column":48}}],"line":36},"5":{"loc":{"start":{"line":51,"column":8},"end":{"line":58,"column":9}},"type":"if","locations":[{"start":{"line":51,"column":8},"end":{"line":58,"column":9}},{"start":{},"end":{}}],"line":51},"6":{"loc":{"start":{"line":71,"column":21},"end":{"line":71,"column":85}},"type":"cond-expr","locations":[{"start":{"line":71,"column":62},"end":{"line":71,"column":73}},{"start":{"line":71,"column":76},"end":{"line":71,"column":85}}],"line":71},"7":{"loc":{"start":{"line":80,"column":16},"end":{"line":80,"column":24}},"type":"default-arg","locations":[{"start":{"line":80,"column":23},"end":{"line":80,"column":24}}],"line":80},"8":{"loc":{"start":{"line":80,"column":26},"end":{"line":80,"column":36}},"type":"default-arg","locations":[{"start":{"line":80,"column":34},"end":{"line":80,"column":36}}],"line":80},"9":{"loc":{"start":{"line":84,"column":8},"end":{"line":89,"column":9}},"type":"if","locations":[{"start":{"line":84,"column":8},"end":{"line":89,"column":9}},{"start":{},"end":{}}],"line":84},"10":{"loc":{"start":{"line":142,"column":8},"end":{"line":147,"column":9}},"type":"if","locations":[{"start":{"line":142,"column":8},"end":{"line":147,"column":9}},{"start":{},"end":{}}],"line":142},"11":{"loc":{"start":{"line":167,"column":8},"end":{"line":172,"column":9}},"type":"if","locations":[{"start":{"line":167,"column":8},"end":{"line":172,"column":9}},{"start":{},"end":{}}],"line":167},"12":{"loc":{"start":{"line":175,"column":8},"end":{"line":181,"column":9}},"type":"if","locations":[{"start":{"line":175,"column":8},"end":{"line":181,"column":9}},{"start":{},"end":{}}],"line":175},"13":{"loc":{"start":{"line":175,"column":12},"end":{"line":176,"column":37}},"type":"binary-expr","locations":[{"start":{"line":175,"column":12},"end":{"line":175,"column":65}},{"start":{"line":176,"column":12},"end":{"line":176,"column":37}}],"line":175},"14":{"loc":{"start":{"line":220,"column":8},"end":{"line":225,"column":9}},"type":"if","locations":[{"start":{"line":220,"column":8},"end":{"line":225,"column":9}},{"start":{},"end":{}}],"line":220},"15":{"loc":{"start":{"line":228,"column":8},"end":{"line":234,"column":9}},"type":"if","locations":[{"start":{"line":228,"column":8},"end":{"line":234,"column":9}},{"start":{},"end":{}}],"line":228},"16":{"loc":{"start":{"line":228,"column":12},"end":{"line":229,"column":37}},"type":"binary-expr","locations":[{"start":{"line":228,"column":12},"end":{"line":228,"column":65}},{"start":{"line":229,"column":12},"end":{"line":229,"column":37}}],"line":228},"17":{"loc":{"start":{"line":269,"column":16},"end":{"line":269,"column":24}},"type":"default-arg","locations":[{"start":{"line":269,"column":23},"end":{"line":269,"column":24}}],"line":269},"18":{"loc":{"start":{"line":269,"column":26},"end":{"line":269,"column":36}},"type":"default-arg","locations":[{"start":{"line":269,"column":34},"end":{"line":269,"column":36}}],"line":269}},"s":{"0":1,"1":3,"2":3,"3":3,"4":3,"5":3,"6":1,"7":2,"8":1,"9":1,"10":0,"11":2,"12":2,"13":2,"14":2,"15":2,"16":0,"17":2,"18":0,"19":0,"20":1,"21":2,"22":2,"23":2,"24":2,"25":2,"26":0,"27":2,"28":2,"29":2,"30":2,"31":0,"32":1,"33":0,"34":0,"35":0,"36":0,"37":0,"38":0,"39":1,"40":2,"41":2,"42":2,"43":0,"44":2,"45":1,"46":1,"47":1,"48":1,"49":1,"50":1,"51":1,"52":1,"53":1,"54":1,"55":0,"56":1,"57":3,"58":3,"59":3,"60":0,"61":3,"62":1,"63":2,"64":2,"65":2,"66":2,"67":2,"68":2,"69":0,"70":1,"71":0,"72":0,"73":0,"74":0,"75":0,"76":0,"77":0},"f":{"0":3,"1":2,"2":0,"3":2,"4":3,"5":0},"b":{"0":[1,2],"1":[1,1],"2":[0,1],"3":[1,1],"4":[2,1],"5":[0,2],"6":[0,0],"7":[1],"8":[1],"9":[0,2],"10":[0,0],"11":[0,2],"12":[1,1],"13":[2,1],"14":[0,3],"15":[1,2],"16":[3,1],"17":[0],"18":[0]},"_coverageSchema":"1a1c01bbd47fc00a2c39e90264f33305004495a9","hash":"f4027850d265981eb5e019e871a5d4ec63db2da4"}
,"E:\\blog\\server\\middleware\\activityLogger.js": {"path":"E:\\blog\\server\\middleware\\activityLogger.js","statementMap":{"0":{"start":{"line":4,"column":27},"end":{"line":46,"column":1}},"1":{"start":{"line":5,"column":4},"end":{"line":45,"column":6}},"2":{"start":{"line":7,"column":29},"end":{"line":7,"column":47}},"3":{"start":{"line":9,"column":8},"end":{"line":42,"column":10}},"4":{"start":{"line":11,"column":12},"end":{"line":38,"column":13}},"5":{"start":{"line":12,"column":16},"end":{"line":37,"column":17}},"6":{"start":{"line":13,"column":37},"end":{"line":19,"column":21}},"7":{"start":{"line":22,"column":20},"end":{"line":26,"column":21}},"8":{"start":{"line":23,"column":24},"end":{"line":23,"column":60}},"9":{"start":{"line":24,"column":27},"end":{"line":26,"column":21}},"10":{"start":{"line":25,"column":24},"end":{"line":25,"column":60}},"11":{"start":{"line":29,"column":20},"end":{"line":31,"column":21}},"12":{"start":{"line":30,"column":24},"end":{"line":30,"column":78}},"13":{"start":{"line":33,"column":20},"end":{"line":33,"column":55}},"14":{"start":{"line":35,"column":20},"end":{"line":35,"column":76}},"15":{"start":{"line":41,"column":12},"end":{"line":41,"column":38}},"16":{"start":{"line":44,"column":8},"end":{"line":44,"column":15}},"17":{"start":{"line":49,"column":35},"end":{"line":81,"column":1}},"18":{"start":{"line":50,"column":4},"end":{"line":80,"column":5}},"19":{"start":{"line":51,"column":57},"end":{"line":51,"column":66}},"20":{"start":{"line":53,"column":22},"end":{"line":53,"column":24}},"21":{"start":{"line":54,"column":8},"end":{"line":54,"column":40}},"22":{"start":{"line":54,"column":20},"end":{"line":54,"column":40}},"23":{"start":{"line":55,"column":8},"end":{"line":55,"column":42}},"24":{"start":{"line":55,"column":20},"end":{"line":55,"column":42}},"25":{"start":{"line":57,"column":21},"end":{"line":61,"column":57}},"26":{"start":{"line":63,"column":22},"end":{"line":63,"column":61}},"27":{"start":{"line":65,"column":8},"end":{"line":73,"column":11}},"28":{"start":{"line":75,"column":8},"end":{"line":79,"column":11}}},"fnMap":{"0":{"name":"(anonymous_0)","decl":{"start":{"line":4,"column":27},"end":{"line":4,"column":28}},"loc":{"start":{"line":4,"column":63},"end":{"line":46,"column":1}},"line":4},"1":{"name":"(anonymous_1)","decl":{"start":{"line":5,"column":11},"end":{"line":5,"column":12}},"loc":{"start":{"line":5,"column":37},"end":{"line":45,"column":5}},"line":5},"2":{"name":"(anonymous_2)","decl":{"start":{"line":9,"column":19},"end":{"line":9,"column":20}},"loc":{"start":{"line":9,"column":40},"end":{"line":42,"column":9}},"line":9},"3":{"name":"(anonymous_3)","decl":{"start":{"line":49,"column":35},"end":{"line":49,"column":36}},"loc":{"start":{"line":49,"column":55},"end":{"line":81,"column":1}},"line":49}},"branchMap":{"0":{"loc":{"start":{"line":4,"column":36},"end":{"line":4,"column":58}},"type":"default-arg","locations":[{"start":{"line":4,"column":51},"end":{"line":4,"column":58}}],"line":4},"1":{"loc":{"start":{"line":11,"column":12},"end":{"line":38,"column":13}},"type":"if","locations":[{"start":{"line":11,"column":12},"end":{"line":38,"column":13}},{"start":{},"end":{}}],"line":11},"2":{"loc":{"start":{"line":11,"column":16},"end":{"line":11,"column":48}},"type":"binary-expr","locations":[{"start":{"line":11,"column":16},"end":{"line":11,"column":24}},{"start":{"line":11,"column":28},"end":{"line":11,"column":48}}],"line":11},"3":{"loc":{"start":{"line":17,"column":35},"end":{"line":17,"column":73}},"type":"binary-expr","locations":[{"start":{"line":17,"column":35},"end":{"line":17,"column":41}},{"start":{"line":17,"column":45},"end":{"line":17,"column":73}}],"line":17},"4":{"loc":{"start":{"line":22,"column":20},"end":{"line":26,"column":21}},"type":"if","locations":[{"start":{"line":22,"column":20},"end":{"line":26,"column":21}},{"start":{"line":24,"column":27},"end":{"line":26,"column":21}}],"line":22},"5":{"loc":{"start":{"line":24,"column":27},"end":{"line":26,"column":21}},"type":"if","locations":[{"start":{"line":24,"column":27},"end":{"line":26,"column":21}},{"start":{},"end":{}}],"line":24},"6":{"loc":{"start":{"line":29,"column":20},"end":{"line":31,"column":21}},"type":"if","locations":[{"start":{"line":29,"column":20},"end":{"line":31,"column":21}},{"start":{},"end":{}}],"line":29},"7":{"loc":{"start":{"line":29,"column":24},"end":{"line":29,"column":53}},"type":"binary-expr","locations":[{"start":{"line":29,"column":24},"end":{"line":29,"column":34}},{"start":{"line":29,"column":38},"end":{"line":29,"column":53}}],"line":29},"8":{"loc":{"start":{"line":51,"column":32},"end":{"line":51,"column":42}},"type":"default-arg","locations":[{"start":{"line":51,"column":40},"end":{"line":51,"column":42}}],"line":51},"9":{"loc":{"start":{"line":51,"column":44},"end":{"line":51,"column":52}},"type":"default-arg","locations":[{"start":{"line":51,"column":51},"end":{"line":51,"column":52}}],"line":51},"10":{"loc":{"start":{"line":54,"column":8},"end":{"line":54,"column":40}},"type":"if","locations":[{"start":{"line":54,"column":8},"end":{"line":54,"column":40}},{"start":{},"end":{}}],"line":54},"11":{"loc":{"start":{"line":55,"column":8},"end":{"line":55,"column":42}},"type":"if","locations":[{"start":{"line":55,"column":8},"end":{"line":55,"column":42}},{"start":{},"end":{}}],"line":55}},"s":{"0":3,"1":22,"2":65,"3":65,"4":65,"5":9,"6":9,"7":9,"8":6,"9":3,"10":3,"11":9,"12":9,"13":9,"14":0,"15":65,"16":65,"17":3,"18":0,"19":0,"20":0,"21":0,"22":0,"23":0,"24":0,"25":0,"26":0,"27":0,"28":0},"f":{"0":22,"1":65,"2":65,"3":0},"b":{"0":[0],"1":[9,56],"2":[65,14],"3":[9,0],"4":[6,3],"5":[3,0],"6":[9,0],"7":[9,9],"8":[0],"9":[0],"10":[0,0],"11":[0,0]},"_coverageSchema":"1a1c01bbd47fc00a2c39e90264f33305004495a9","hash":"5f1b4656f2a86c9d9b627523f19eeab32bc701ba"}
,"E:\\blog\\server\\middleware\\authMiddleware.js": {"path":"E:\\blog\\server\\middleware\\authMiddleware.js","statementMap":{"0":{"start":{"line":5,"column":28},"end":{"line":47,"column":1}},"1":{"start":{"line":6,"column":4},"end":{"line":46,"column":5}},"2":{"start":{"line":8,"column":22},"end":{"line":10,"column":36}},"3":{"start":{"line":12,"column":8},"end":{"line":17,"column":9}},"4":{"start":{"line":13,"column":12},"end":{"line":16,"column":15}},"5":{"start":{"line":20,"column":24},"end":{"line":20,"column":65}},"6":{"start":{"line":23,"column":21},"end":{"line":23,"column":86}},"7":{"start":{"line":25,"column":8},"end":{"line":30,"column":9}},"8":{"start":{"line":26,"column":12},"end":{"line":29,"column":15}},"9":{"start":{"line":33,"column":8},"end":{"line":33,"column":24}},"10":{"start":{"line":34,"column":8},"end":{"line":34,"column":15}},"11":{"start":{"line":36,"column":8},"end":{"line":41,"column":9}},"12":{"start":{"line":37,"column":12},"end":{"line":40,"column":15}},"13":{"start":{"line":42,"column":8},"end":{"line":45,"column":11}},"14":{"start":{"line":50,"column":23},"end":{"line":59,"column":1}},"15":{"start":{"line":51,"column":4},"end":{"line":58,"column":5}},"16":{"start":{"line":52,"column":8},"end":{"line":52,"column":15}},"17":{"start":{"line":54,"column":8},"end":{"line":57,"column":11}},"18":{"start":{"line":62,"column":30},"end":{"line":77,"column":1}},"19":{"start":{"line":63,"column":4},"end":{"line":76,"column":6}},"20":{"start":{"line":64,"column":32},"end":{"line":65,"column":49}},"21":{"start":{"line":67,"column":8},"end":{"line":75,"column":9}},"22":{"start":{"line":69,"column":12},"end":{"line":69,"column":19}},"23":{"start":{"line":71,"column":12},"end":{"line":74,"column":15}},"24":{"start":{"line":80,"column":28},"end":{"line":96,"column":1}},"25":{"start":{"line":81,"column":4},"end":{"line":94,"column":5}},"26":{"start":{"line":82,"column":22},"end":{"line":83,"column":39}},"27":{"start":{"line":85,"column":8},"end":{"line":91,"column":9}},"28":{"start":{"line":86,"column":28},"end":{"line":86,"column":69}},"29":{"start":{"line":87,"column":25},"end":{"line":87,"column":90}},"30":{"start":{"line":88,"column":12},"end":{"line":90,"column":13}},"31":{"start":{"line":89,"column":16},"end":{"line":89,"column":32}},"32":{"start":{"line":95,"column":4},"end":{"line":95,"column":11}}},"fnMap":{"0":{"name":"(anonymous_0)","decl":{"start":{"line":5,"column":28},"end":{"line":5,"column":29}},"loc":{"start":{"line":5,
[...]
,"E:\\blog\\server\\routes\\adminRoutes.js": {"path":"E:\\blog\\server\\routes\\adminRoutes.js","statementMap":{"0":{"start":{"line":17,"column":15},"end":{"line":17,"column":31}},"1":{"start":{"line":20,"column":0},"end":{"line":20,"column":25}},"2":{"start":{"line":21,"column":0},"end":{"line":21,"column":20}},"3":{"start":{"line":24,"column":0},"end":{"line":24,"column":44}},"4":{"start":{"line":27,"column":0},"end":{"line":27,"column":56}},"5":{"start":{"line":28,"column":0},"end":{"line":28,"column":57}},"6":{"start":{"line":29,"column":0},"end":{"line":29,"column":93}},"7":{"start":{"line":30,"column":0},"end":{"line":30,"column":96}},"8":{"start":{"line":33,"column":0},"end":{"line":33,"column":61}},"9":{"start":{"line":34,"column":0},"end":{"line":38,"column":2}},"10":{"start":{"line":41,"column":0},"end":{"line":41,"column":67}},"11":{"start":{"line":44,"column":0},"end":{"line":44,"column":50}},"12":{"start":{"line":47,"column":0},"end":{"line":47,"column":78}}},"fnMap":{},"branchMap":{},"s":{"0":0,"1":0,"2":0,"3":0,"4":0,"5":0,"6":0,"7":0,"8":0,"9":0,"10":0,"11":0,"12":0},"f":{},"b":{}}
,"E:\\blog\\server\\routes\\authRoutes.js": {"path":"E:\\blog\\server\\routes\\authRoutes.js","statementMap":{"0":{"start":{"line":17,"column":15},"end":{"line":17,"column":31}},"1":{"start":{"line":20,"column":0},"end":{"line":20,"column":85}},"2":{"start":{"line":21,"column":0},"end":{"line":21,"column":76}},"3":{"start":{"line":22,"column":0},"end":{"line":22,"column":44}},"4":{"start":{"line":25,"column":0},"end":{"line":25,"column":76}},"5":{"start":{"line":26,"column":0},"end":{"line":26,"column":48}},"6":{"start":{"line":27,"column":0},"end":{"line":27,"column":82}},"7":{"start":{"line":28,"column":0},"end":{"line":28,"column":91}},"8":{"start":{"line":31,"column":0},"end":{"line":33,"column":2}},"9":{"start":{"line":34,"column":0},"end":{"line":37,"column":2}},"10":{"start":{"line":40,"column":0},"end":{"line":42,"column":2}},"11":{"start":{"line":43,"column":0},"end":{"line":46,"column":2}}},"fnMap":{},"branchMap":{},"s":{"0":3,"1":3,"2":3,"3":3,"4":3,"5":3,"6":3,"7":3,"8":3,"9":3,"10":3,"11":3},"f":{},"b":{},"_coverageSchema":"1a1c01bbd47fc00a2c39e90264f33305004495a9","hash":"e7497b401b2c292ca2e25ea8f4fefb0de03490f8"}
,"E:\\blog\\server\\routes\\blogRoutes.js": {"path":"E:\\blog\\server\\routes\\blogRoutes.js","statementMap":{"0":{"start":{"line":23,"column":15},"end":{"line":23,"column":31}},"1":{"start":{"line":26,"column":0},"end":{"line":31,"column":2}},"2":{"start":{"line":33,"column":0},"end":{"line":36,"column":2}},"3":{"start":{"line":38,"column":0},"end":{"line":42,"column":2}},"4":{"start":{"line":45,"column":0},"end":{"line":50,"column":2}},"5":{"start":{"line":52,"column":0},"end":{"line":56,"column":2}},"6":{"start":{"line":58,"column":0},"end":{"line":64,"column":2}},"7":{"start":{"line":66,"column":0},"end":{"line":71,"column":2}},"8":{"start":{"line":74,"column":0},"end":{"line":80,"column":2}}},"fnMap":{},"branchMap":{},"s":{"0":1,"1":1,"2":1,"3":1,"4":1,"5":1,"6":1,"7":1,"8":1},"f":{},"b":{},"_coverageSchema":"1a1c01bbd47fc00a2c39e90264f33305004495a9","hash":"dd1c9dff8c4e5ef8da06bb3e770693dd37482a6a"}
,"E:\\blog\\server\\routes\\commentRoutes.js": {"path":"E:\\blog\\server\\routes\\commentRoutes.js","statementMap":{"0":{"start":{"line":20,"column":15},"end":{"line":20,"column":31}},"1":{"start":{"line":23,"column":0},"end":{"line":27,"column":2}},"2":{"start":{"line":30,"column":0},"end":{"line":33,"column":2}},"3":{"start":{"line":36,"column":0},"end":{"line":41,"column":2}},"4":{"start":{"line":43,"column":0},"end":{"line":47,"column":2}},"5":{"start":{"line":49,"column":0},"end":{"line":55,"column":2}},"6":{"start":{"line":57,"column":0},"end":{"line":62,"column":2}}},"fnMap":{},"branchMap":{},"s":{"0":1,"1":1,"2":1,"3":1,"4":1,"5":1,"6":1},"f":{},"b":{},"_coverageSchema":"1a1c01bbd47fc00a2c39e90264f33305004495a9","hash":"f354a6e8760abff648ded3d31f0275560de5793e"}
,"E:\\blog\\server\\services\\cacheService.js": {"path":"E:\\blog\\server\\services\\cacheService.js","statementMap":{"0":{"start":{"line":4,"column":14},"end":{"line":8,"column":2}},"1":{"start":{"line":13,"column":8},"end":{"line":13,"column":30}},"2":{"start":{"line":18,"column":8},"end":{"line":18,"column":42}},"3":{"start":{"line":23,"column":8},"end":{"line":23,"column":30}},"4":{"start":{"line":28,"column":21},"end":{"line":28,"column":33}},"5":{"start":{"line":29,"column":29},"end":{"line":29,"column":70}},"6":{"start":{"line":29,"column":48},"end":{"line":29,"column":69}},"7":{"start":{"line":30,"column":8},"end":{"line":30,"column":39}},"8":{"start":{"line":35,"column":8},"end":{"line":35,"column":32}},"9":{"start":{"line":40,"column":8},"end":{"line":40,"column":32}},"10":{"start":{"line":45,"column":8},"end":{"line":71,"column":10}},"11":{"start":{"line":47,"column":12},"end":{"line":49,"column":13}},"12":{"start":{"line":48,"column":16},"end":{"line":48,"column":30}},"13":{"start":{"line":51,"column":24},"end":{"line":51,"column":61}},"14":{"start":{"line":52,"column":35},"end":{"line":52,"column":48}},"15":{"start":{"line":54,"column":12},"end":{"line":56,"column":13}},"16":{"start":{"line":55,"column":16},"end":{"line":55,"column":48}},"17":{"start":{"line":59,"column":33},"end":{"line":59,"column":51}},"18":{"start":{"line":62,"column":12},"end":{"line":68,"column":14}},"19":{"start":{"line":64,"column":16},"end":{"line":66,"column":17}},"20":{"start":{"line":65,"column":20},"end":{"line":65,"column":50}},"21":{"start":{"line":67,"column":16},"end":{"line":67,"column":42}},"22":{"start":{"line":70,"column":12},"end":{"line":70,"column":19}},"23":{"start":{"line":76,"column":8},"end":{"line":78,"column":11}},"24":{"start":{"line":77,"column":12},"end":{"line":77,"column":39}}},"fnMap":{"0":{"name":"(anonymous_0)","decl":{"start":{"line":12,"column":4},"end":{"line":12,"column":5}},"loc":{"start":{"line":12,"column":13},"end":{"line":14,"column":5}},"line":12},"1":{"name":"(anonymous_1)","decl":{"start":{"line":17,"column":4},"end":{"line":17,"column":5}},"loc":{"start":{"line":17,"column":31},"end":{"line":19,"column":5}},"line":17},"2":{"name":"(anonymous_2)","decl":{"start":{"line":22,"column":4},"end":{"line":22,"column":5}},"loc":{"start":{"line":22,"column":13},"end":{"line":24,"column":5}},"line":22},"3":{"name":"(anonymous_3)","decl":{"start":{"line":27,"column":4},"end":{"line":27,"column":5}},"loc":{"start":{"line":27,"column":26},"end":{"line":31,"column":5}},"line":27},"4":{"name":"(anonymous_4)","decl":{"start":{"line":29,"column":41},"end":{"line":29,"column":42}},"loc":{"start":{"line":29,"column":48},"end":{"line":29,"column":69}},"line":29},"5":{"name":"(anonymous_5)","decl":{"start":{"line":34,"column":4},"end":{"line":34,"column":5}},"loc":{"start":{"line":34,"column":12},"end":{"line":36,"column":5}},"line":34},"6":{"name":"(anonymous_6)","decl":{"start":{"line":39,"column":4},"end":{"line":39,"column":5}},"loc":{"start":{"line":39,"column":15},"end":{"line":41,"column":5}},"line":39},"7":{"name":"(anonymous_7)","decl":{"start":{"line":44,"column":4},"end":{"line":44,"column":5}},"loc":{"start":{"line":44,"column":36},"end":{"line":72,"column":5}},"line":44},"8":{"name":"(anonymous_8)","decl":{"start":{"line":45,"column":15},"end":{"line":45,"column":16}},"loc":{"start":{"line":45,"column":35},"end":{"line":71,"column":9}},"line":45},"9":{"name":"(anonymous_9)","decl":{"start":{"line":62,"column":23},"end":{"line":62,"column":24}},"loc":{"start":{"line":62,"column":33},"end":{"line":68,"column":13}},"line":62},"10":{"name":"(anonymous_10)","decl":{"start":{"line":75,"column":4},"end":{"line":75,"column":5}},"loc":{"start":{"line":75,"column":35},"end":{"line":79,"column":5}},"line":75},"11":{"name":"(anonymous_11)","decl":{"start":{"line":76,"column":25},"end":{"line":76,"column":26}},"loc":{"start":{"line":76,"column":36},"end":{"line":78,"column":9}},"line":76}},"branchMap":{"0":{"loc":{"start":{"line":17,"column":20},"end":{"line":17,"column":29}},"type":"default-arg","locations":[{"start":{"line":17,"column":26},"end":{"line":17,"column":29}}],"line":17},"1":{"loc":{"start":{"line":44,"column":20},"end":{"line":44,"column":34}},"type":"default-arg","locations":[{"start":{"line":44,"column":31},"end":{"line":44,"column":34}}],"line":44},"2":{"loc":{"start":{"line":47,"column":12},"end":{"line":49,"column":13}},"type":"if","locations":[{"start":{"line":47,"column":12},"end":{"line":49,"column":13}},{"start":{},"end":{}}],"line":47},"3":{"loc":{"start":{"line":51,"column":33},"end":{"line":51,"column":59}},"type":"binary-expr","locations":[{"start":{"line":51,"column":33},"end":{"line":51,"column":48}},{"start":{"line":51,"column":52},"end":{"line":51,"column":59}}],"line":51},"4":{"loc":{"start":{"line":54,"column":12},"end":{"line":56,"column":13}},"type":"if","locations":[{"start":{"line":54,"column":12},"end":{"line":56,"column":13}},{"start":{},"end":{}}],"line":54},"5":{"loc":{"start":{"line":64,"column":16},"end":{"line":66,"column":17}},"type":"if","locations":[{"start":{"line":64,"column":16},"end":{"line":66,"column":17}},{"start":{},"end":{}}],"line":64},"6":{"loc":{"start":{"line":75,"column":20},"end":{"line":75,"column":33}},"type":"default-arg","locations":[{"start":{"line":75,"column":31},"end":{"line":75,"column":33}}],"line":75}},"s":{"0":2,"1":6,"2":6,"3":0,"4":14,"5":14,"6":15,"7":14,"8":0,"9":0,"10":3,"11":6,"12":0,"13":6,"14":6,"15":6,"16":0,"17":6,"18":6,"19":6,"20":6,"21":6,"22":6,"23":9,"24":14},"f":{"0":6,"1":6,"2":0,"3":14,"4":15,"5":0,"6":0,"7":3,"8":6,"9":6,"10":9,"11":14},"b":{"0":[0],"1":[0],"2":[0,6],"3":[6,0],"4":[0,6],"5":[6,0],"6":[0]},"_coverageSchema":"1a1c01bbd47fc00a2c39e90264f33305004495a9","hash":"d7af2de8307890da09a94f6aee9ca8e1141f90d2"}
,"E:\\blog\\server\\services\\socketService.js": {"path":"E:\\blog\\server\\services\\socketService.js","statementMap":{"0":{"start":{"line":5,"column":8},"end":{"line":5,"column":23}},"1":{"start":{"line":6,"column":8},"end":{"line":6,"column":31}},"2":{"start":{"line":10,"column":8},"end":{"line":15,"column":11}},"3":{"start":{"line":17,"column":8},"end":{"line":49,"column":11}},"4":{"start":{"line":18,"column":12},"end":{"line":18,"column":63}},"5":{"start":{"line":21,"column":12},"end":{"line":27,"column":15}},"6":{"start":{"line":22,"column":16},"end":{"line":26,"column":17}},"7":{"start":{"line":23,"column":20},"end":{"line":23,"column":54}},"8":{"start":{"line":24,"column":20},"end":{"line":24,"column":43}},"9":{"start":{"line":25,"column":20},"end":{"line":25,"column":85}},"10":{"start":{"line":30,"column":12},"end":{"line":33,"column":15}},"11":{"start":{"line":31,"column":16},"end":{"line":31,"column":46}},"12":{"start":{"line":32,"column":16},"end":{"line":32,"column":82}},"13":{"start":{"line":36,"column":12},"end":{"line":39,"column":15}},"14":{"start":{"line":37,"column":16},"end":{"line":37,"column":47}},"15":{"start":{"line":38,"column":16},"end":{"line":38,"column":80}},"16":{"start":{"line":42,"column":12},"end":{"line":48,"column":15}},"17":{"start":{"line":43,"column":16},"end":{"line":46,"column":17}},"18":{"start":{"line":44,"column":20},"end":{"line":44,"column":53}},"19":{"start":{"line":45,"column":20},"end":{"line":45,"column":73}},"20":{"start":{"line":47,"column":16},"end":{"line":47,"column":66}},"21":{"start":{"line":51,"column":8},"end":{"line":51,"column":23}},"22":{"start":{"line":56,"column":8},"end":{"line":64,"column":9}},"23":{"start":{"line":57,"column":12},"end":{"line":62,"column":15}},"24":{"start":{"line":63,"column":12},"end":{"line":63,"column":60}},"25":{"start":{"line":69,"column":8},"end":{"line":78,"column":9}},"26":{"start":{"line":70,"column":12},"end":{"line":76,"column":15}},"27":{"start":{"line":77,"column":12},"end":{"line":77,"column":69}},"28":{"start":{"line":83,"column":8},"end":{"line":90,"column":9}},"29":{"start":{"line":84,"column":12},"end":{"line":89,"column":15}},"30":{"start":{"line":95,"column":8},"end":{"line":102,"column":9}},"31":{"start":{"line":96,"column":12},"end":{"line":101,"column":15}},"32":{"start":{"line":107,"column":8},"end":{"line":119,"column":9}},"33":{"start":{"line":108,"column":12},"end":{"line":113,"column":15}},"34":{"start":{"line":114,"column":12},"end":{"line":118,"column":15}},"35":{"start":{"line":124,"column":8},"end":{"line":130,"column":9}},"36":{"start":{"line":125,"column":12},"end":{"line":129,"column":15}},"37":{"start":{"line":135,"column":25},"end":{"line":135,"column":58}},"38":{"start":{"line":136,"column":8},"end":{"line":143,"column":9}},"39":{"start":{"line":137,"column":12},"end":{"line":141,"column":15}},"40":{"start":{"line":142,"column":12},"end":{"line":142,"column":66}},"41":{"start":{"line":148,"column":8},"end":{"line":159,"column":9}},"42":{"start":{"line":149,"column":12},"end":{"line":158,"column":15}},"43":{"start":{"line":163,"column":8},"end":{"line":165,"column":9}},"44":{"start":{"line":164,"column":12},"end":{"line":164,"column":57}},"45":{"start":{"line":166,"column":8},"end":{"line":166,"column":23}}},"fnMap":{"0":{"name":"(anonymous_0)","decl":{"start":{"line":4,"column":4},"end":{"line":4,"column":5}},"loc":{"start":{"line":4,"column":18},"end":{"line":7,"column":5}},"line":4},"1":{"name":"(anonymous_1)","decl":{"start":{"line":9,"column":4},"end":{"line":9,"column":5}},"loc":{"start":{"line":9,"column":23},"end":{"line":52,"column":5}},"line":9},"2":{"name":"(anonymous_2)","decl":{"start":{"line":17,"column":33},"end":{"line":17,"column":34}},"loc":{"start":{"line":17,"column":45},"end":{"line":49,"column":9}},"line":17},"3":{"name":"(anonymous_3)","decl":{"start":{"line":21,"column":30},"end":{"line":21,"column":31}},"loc":{"start":{"line":21,"column":42},"end":{"line":27,"column":13}},"line":21},"4":{"name":"(anonymous_4)","decl":{"start":{"line":30,"column":35},"end":{"line":30,"column":36}},"loc":{"start":{"line":30,"column":47},"end":{"line":33,"column":13}},"line":30},"5":{"name":"(anonymous_5)","decl":{"start":{"line":36,"column":36},"end":{"line":36,"column":37}},"loc":{"start":{"line":36,"column":48},"end":{"line":39,"column":13}},"line":36},"6":{"name":"(anonymous_6)","decl":{"start":{"line":42,"column":36},"end":{"line":42,"column":37}},"loc":{"start":{"line":42,"column":42},"end":{"line":48,"column":13}},"line":42},"7":{"name":"(anonymous_7)","decl":{"start":{"line":55,"column":4},"end":{"line":55,"column":5}},"loc":{"start":{"line":55,"column":22},"end":{"line":65,"column":5}},"line":55},"8":{"name":"(anonymous_8)","decl":{"start":{"line":68,"column":4},"end":{"line":68,"column":5}},"loc":{"start":{"line":68,"column":36},"end":{"line":79,"column":5}},"line":68},"9":{"name":"(anonymous_9)","decl":{"start":{"line":82,"column":4},"end":{"line":82,"column":5}},"loc":{"start":{"line":82,"column":39},"end":{"line":91,"column":5}},"line":82},"10":{"name":"(anonymous_10)","decl":{"start":{"line":94,"column":4},"end":{"line":94,"column":5}},"loc":{"start":{"line":94,"column":41},"end":{"line":103,"column":5}},"line":94},"11":{"name":"(anonymous_11)","decl":{"start":{"line":106,"column":4},"end":{"line":106,"column":5}},"loc":{"start":{"line":106,"column":25},"end":{"line":120,"column":5}},"line":106},"12":{"name":"(anonymous_12)","decl":{"start":{"line":123,"column":4},"end":{"line":123,"column":5}},"loc":{"start":{"line":123,"column":27},"end":{"line":131,"column":5}},"line":123},"13":{"name":"(anonymous_13)","decl":{"start":{"line":134,"column":4},"end":{"line":134,"column":5}},"loc":{"start":{"line":134,"column":37},"end":{"line":144,"column":5}},"line":134},"14":{"name":"(anonymous_14)","decl":{"start":{"line":147,"column":4},"end":{"line":147,"column":5}},"loc":{"start":{"line":147,"column":38},"end":{"line":160,"column":5}},"line":147},"15":{"name":"(anonymous_15)","decl":{"start":{"line":162,"column":4},"end":{"line":162,"column":5}},"loc":{"start":{"line":162,"column":12},"end":{"line":167,"column":5}},"line":162}},"branchMap":{"0":{"loc":{"start":{"line":12,"column":24},"end":{"line":12,"column":75}},"type":"binary-expr","locations":[{"start":{"line":12,"column":24},"end":{"line":12,"column":48}},{"start":{"line":12,"column":52},"end":{"line":12,"column":75}}],"line":12},"1":{"loc":{"start":{"line":22,"column":16},"end":{"line":26,"column":17}},"type":"if","locations":[{"start":{"line":22,"column":16},"end":{"line":26,"column":17}},{"start":{},"end":{}}],"line":22},"2":{"loc":{"start":{"line":43,"column":16},"end":{"line":46,"column":17}},"type":"if","locations":[{"start":{"line":43,"column":16},"end":{"line":46,"column":17}},{"start":{},"end":{}}],"line":43},"3":{"loc":{"start":{"line":56,"column":8},"end":{"line":64,"column":9}},"type":"if","locations":[{"start":{"line":56,"column":8},"end":{"line":64,"column":9}},{"start":{},"end":{}}],"line":56},"4":{"loc":{"start":{"line":69,"column":8},"end":{"line":78,"column":9}},"type":"if","locations":[{"start":{"line":69,"column":8},"end":{"line":78,"column":9}},{"start":{},"end":{}}],"line":69},"5":{"loc":{"start":{"line":83,"column":8},"end":{"line":90,"column":9}},"type":"if","locations":[{"start":{"line":83,"column":8},"end":{"line":90,"column":9}},{"start":{},"end":{}}],"line":83},"6":{"loc":{"start":{"line":95,"column":8},"end":{"line":102,"column":9}},"type":"if","locations":[{"start":{"line":95,"column":8},"end":{"line":102,"column":9}},{"start":{},"end":{}}],"line":95},"7":{"loc":{"start":{"line":107,"column":8},"end":{"line":119,"column":9}},"type":"if","locations":[{"start":{"line":107,"column":8},"end":{"line":119,"column":9}},{"start":{},"end":{}}],"line":107},"8":{"loc":{"start":{"line":124,"column":8},"end":{"line":130,"column":9}},"type":"if","locations":[{"start":{"line":124,"column":8},"end":{"line":130,"column":9}},{"start":{},"end":{}}],"line":124},"9":{"loc":{"start":{"line":136,"column":8},"end":{"line":143,"column":9}},"type":"if","locations":[{"start":{"line":136,"column":8},"end":{"line":143,"column":9}},{"start":{},"end":{}}],"line":136},"10":{"loc":{"start":{"line":136,"column":12},"end":{"line":136,"column":31}},"type":"binary-expr","locations":[{"start":{"line":136,"column":12},"end":{"line":136,"column":20}},{"start":{"line":136,"column":24},"end":{"line":136,"column":31}}],"line":136},"11":{"loc":{"start":{"line":148,"column":8},"end":{"line":159,"column":9}},"type":"if","locations":[{"start":{"line":148,"column":8},"end":{"line":159,"column":9}},{"start":{},"end":{}}],"line":148},"12":{"loc":{"start":{"line":163,"column":8},"end":{"line":165,"column":9}},"type":"if","locations":[{"start":{"line":163,"column":8},"end":{"line":165,"column":9}},{"start":{},"end":{}}],"line":163}},"s":{"0":2,"1":2,"2":0,"3":0,"4":0,"5":0,"6":0,"7":0,"8":0,"9":0,"10":0,"11":0,"12":0,"13":0,"14":0,"15":0,"16":0,"17":0,"18":0,"19":0,"20":0,"21":0,"22":1,"23":0,"24":0,"25":2,"26":0,"27":0,"28":1,"29":0,"30":2,"31":0,"32":2,"33":0,"34":0,"35":1,"36":0,"37":0,"38":0,"39":0,"40":0,"41":0,"42":0,"43":0,"44":0,"45":0},"f":{"0":2,"1":0,"2":0,"3":0,"4":0,"5":0,"6":0,"7":1,"8":2,"9":1,"10":2,"11":2,"12":1,"13":0,"14":0,"15":0},"b":{"0":[0,0],"1":[0,0],"2":[0,0],"3":[0,1],"4":[0,2],"5":[0,1],"6":[0,2],"7":[0,2],"8":[0,1],"9":[0,0],"10":[0,0],"11":[0,0],"12":[0,0]},"_coverageSchema":"1a1c01bbd47fc00a2c39e90264f33305004495a9","hash":"ca6b044e49f60991bd74eee8c040cb9386bc3c9b"}
}
