TN:
SF:controller\adminController.js
FN:8,(anonymous_0)
FN:121,(anonymous_1)
FN:157,(anonymous_2)
FN:189,(anonymous_3)
FN:237,(anonymous_4)
FN:290,(anonymous_5)
FN:332,(anonymous_6)
FN:361,(anonymous_7)
FN:389,(anonymous_8)
FN:423,(anonymous_9)
FN:462,(anonymous_10)
FNF:11
FNH:0
FNDA:0,(anonymous_0)
FNDA:0,(anonymous_1)
FNDA:0,(anonymous_2)
FNDA:0,(anonymous_3)
FNDA:0,(anonymous_4)
FNDA:0,(anonymous_5)
FNDA:0,(anonymous_6)
FNDA:0,(anonymous_7)
FNDA:0,(anonymous_8)
FNDA:0,(anonymous_9)
FNDA:0,(anonymous_10)
DA:8,0
DA:9,0
DA:21,0
DA:42,0
DA:48,0
DA:70,0
DA:71,0
DA:73,0
DA:88,0
DA:112,0
DA:121,0
DA:122,0
DA:131,0
DA:133,0
DA:135,0
DA:136,0
DA:137,0
DA:138,0
DA:145,0
DA:146,0
DA:148,0
DA:156,0
DA:158,0
DA:162,0
DA:163,0
DA:167,0
DA:169,0
DA:180,0
DA:189,0
DA:190,0
DA:191,0
DA:194,0
DA:195,0
DA:202,0
DA:215,0
DA:228,0
DA:237,0
DA:238,0
DA:239,0
DA:240,0
DA:242,0
DA:243,0
DA:244,0
DA:245,0
DA:247,0
DA:249,0
DA:253,0
DA:254,0
DA:259,0
DA:262,0
DA:268,0
DA:269,0
DA:275,0
DA:281,0
DA:290,0
DA:291,0
DA:292,0
DA:294,0
DA:295,0
DA:302,0
DA:303,0
DA:310,0
DA:316,0
DA:318,0
DA:323,0
DA:332,0
DA:333,0
DA:342,0
DA:344,0
DA:346,0
DA:347,0
DA:348,0
DA:350,0
DA:351,0
DA:353,0
DA:360,0
DA:362,0
DA:363,0
DA:367,0
DA:369,0
DA:380,0
DA:389,0
DA:390,0
DA:391,0
DA:393,0
DA:394,0
DA:401,0
DA:404,0
DA:407,0
DA:409,0
DA:414,0
DA:423,0
DA:424,0
DA:425,0
DA:427,0
DA:428,0
DA:429,0
DA:431,0
DA:433,0
DA:440,0
DA:442,0
DA:453,0
DA:462,0
DA:463,0
DA:464,0
DA:466,0
DA:471,0
LF:107
LH:0
BRDA:124,0,0,0
BRDA:125,1,0,0
BRDA:129,2,0,0
BRDA:130,3,0,0
BRDA:135,4,0,0
BRDA:135,4,1,0
BRDA:136,5,0,0
BRDA:136,5,1,0
BRDA:137,6,0,0
BRDA:137,6,1,0
BRDA:146,7,0,0
BRDA:146,7,1,0
BRDA:194,8,0,0
BRDA:194,8,1,0
BRDA:242,9,0,0
BRDA:242,9,1,0
BRDA:243,10,0,0
BRDA:243,10,1,0
BRDA:244,11,0,0
BRDA:244,11,1,0
BRDA:245,12,0,0
BRDA:245,12,1,0
BRDA:247,13,0,0
BRDA:247,13,1,0
BRDA:253,14,0,0
BRDA:253,14,1,0
BRDA:268,15,0,0
BRDA:268,15,1,0
BRDA:294,16,0,0
BRDA:294,16,1,0
BRDA:302,17,0,0
BRDA:302,17,1,0
BRDA:335,18,0,0
BRDA:336,19,0,0
BRDA:340,20,0,0
BRDA:341,21,0,0
BRDA:346,22,0,0
BRDA:346,22,1,0
BRDA:347,23,0,0
BRDA:347,23,1,0
BRDA:348,24,0,0
BRDA:348,24,1,0
BRDA:351,25,0,0
BRDA:351,25,1,0
BRDA:393,26,0,0
BRDA:393,26,1,0
BRDA:425,27,0,0
BRDA:425,28,0,0
BRDA:428,29,0,0
BRDA:428,29,1,0
BRDA:429,30,0,0
BRDA:429,30,1,0
BRF:52
BRH:0
end_of_record
TN:
SF:controller\authController.js
FN:8,(anonymous_0)
FN:15,(anonymous_1)
FN:22,(anonymous_2)
FN:75,(anonymous_3)
FN:132,(anonymous_4)
FN:152,(anonymous_5)
FN:196,(anonymous_6)
FN:212,(anonymous_7)
FN:255,(anonymous_8)
FN:291,(anonymous_9)
FN:334,(anonymous_10)
FN:371,(anonymous_11)
FNF:12
FNH:6
FNDA:49,(anonymous_0)
FNDA:48,(anonymous_1)
FNDA:30,(anonymous_2)
FNDA:21,(anonymous_3)
FNDA:0,(anonymous_4)
FNDA:2,(anonymous_5)
FNDA:1,(anonymous_6)
FNDA:0,(anonymous_7)
FNDA:0,(anonymous_8)
FNDA:0,(anonymous_9)
FNDA:0,(anonymous_10)
FNDA:0,(anonymous_11)
DA:8,3
DA:9,49
DA:15,3
DA:16,48
DA:22,3
DA:23,30
DA:24,30
DA:27,30
DA:28,30
DA:29,1
DA:38,29
DA:47,29
DA:48,29
DA:51,29
DA:52,29
DA:54,29
DA:64,0
DA:65,0
DA:75,3
DA:76,21
DA:77,21
DA:80,21
DA:81,21
DA:82,1
DA:89,20
DA:90,0
DA:97,20
DA:98,20
DA:99,1
DA:106,19
DA:107,19
DA:110,19
DA:111,19
DA:113,19
DA:123,0
DA:132,3
DA:133,0
DA:135,0
DA:136,0
DA:138,0
DA:143,0
DA:152,3
DA:153,2
DA:154,2
DA:156,2
DA:157,0
DA:164,2
DA:170,1
DA:171,1
DA:172,0
DA:179,1
DA:181,1
DA:188,1
DA:196,3
DA:197,1
DA:198,1
DA:203,0
DA:212,3
DA:213,0
DA:214,0
DA:215,0
DA:217,0
DA:218,0
DA:220,0
DA:224,0
DA:225,0
DA:230,0
DA:232,0
DA:234,0
DA:240,0
DA:246,0
DA:255,3
DA:256,0
DA:257,0
DA:260,0
DA:261,0
DA:262,0
DA:269,0
DA:270,0
DA:272,0
DA:277,0
DA:286,3
DA:287,0
DA:292,0
DA:294,0
DA:296,0
DA:298,0
DA:300,0
DA:302,0
DA:303,0
DA:304,0
DA:306,0
DA:309,0
DA:320,0
DA:322,0
DA:328,3
DA:329,0
DA:335,0
DA:337,0
DA:339,0
DA:341,0
DA:343,0
DA:345,0
DA:346,0
DA:347,0
DA:349,0
DA:352,0
DA:363,0
DA:365,0
DA:371,3
DA:372,0
DA:374,0
DA:375,0
DA:378,0
DA:379,0
DA:382,0
DA:383,0
DA:385,0
DA:386,0
LF:119
LH:50
BRDA:10,0,0,49
BRDA:10,0,1,0
BRDA:16,1,0,48
BRDA:16,1,1,0
BRDA:28,2,0,1
BRDA:28,2,1,29
BRDA:31,3,0,1
BRDA:31,3,1,0
BRDA:69,4,0,0
BRDA:69,4,1,0
BRDA:81,5,0,1
BRDA:81,5,1,20
BRDA:89,6,0,0
BRDA:89,6,1,20
BRDA:98,7,0,1
BRDA:98,7,1,19
BRDA:156,8,0,0
BRDA:156,8,1,2
BRDA:166,9,0,2
BRDA:166,9,1,0
BRDA:171,10,0,0
BRDA:171,10,1,1
BRDA:171,11,0,1
BRDA:171,11,1,1
BRDA:217,12,0,0
BRDA:217,12,1,0
BRDA:218,13,0,0
BRDA:218,13,1,0
BRDA:224,14,0,0
BRDA:224,14,1,0
BRDA:232,15,0,0
BRDA:232,15,1,0
BRDA:261,16,0,0
BRDA:261,16,1,0
BRDA:286,17,0,0
BRDA:286,17,1,3
BRDA:286,18,0,3
BRDA:286,18,1,0
BRDA:290,19,0,0
BRDA:290,19,1,0
BRDA:296,20,0,0
BRDA:296,20,1,0
BRDA:300,21,0,0
BRDA:300,21,1,0
BRDA:303,22,0,0
BRDA:303,22,1,0
BRDA:303,23,0,0
BRDA:303,23,1,0
BRDA:314,24,0,0
BRDA:314,24,1,0
BRDA:328,25,0,0
BRDA:328,25,1,3
BRDA:328,26,0,3
BRDA:328,26,1,0
BRDA:332,27,0,0
BRDA:332,27,1,0
BRDA:339,28,0,0
BRDA:339,28,1,0
BRDA:343,29,0,0
BRDA:343,29,1,0
BRDA:346,30,0,0
BRDA:346,30,1,0
BRDA:346,31,0,0
BRDA:346,31,1,0
BRDA:354,32,0,0
BRDA:354,32,1,0
BRDA:356,33,0,0
BRDA:356,33,1,0
BRDA:357,34,0,0
BRDA:357,34,1,0
BRDA:382,35,0,0
BRDA:382,35,1,0
BRDA:385,36,0,0
BRDA:385,36,1,0
BRF:74
BRH:19
end_of_record
TN:
SF:controller\blogController.js
FN:7,(anonymous_0)
FN:48,(anonymous_1)
FN:93,(anonymous_2)
FN:121,(anonymous_3)
FN:184,(anonymous_4)
FN:248,(anonymous_5)
FN:297,(anonymous_6)
FN:331,(anonymous_7)
FN:372,(anonymous_8)
FN:386,(anonymous_9)
FNF:10
FNH:8
FNDA:1,(anonymous_0)
FNDA:3,(anonymous_1)
FNDA:4,(anonymous_2)
FNDA:5,(anonymous_3)
FNDA:3,(anonymous_4)
FNDA:2,(anonymous_5)
FNDA:0,(anonymous_6)
FNDA:0,(anonymous_7)
FNDA:1,(anonymous_8)
FNDA:2,(anonymous_9)
DA:7,1
DA:8,1
DA:9,1
DA:11,1
DA:21,1
DA:24,1
DA:27,1
DA:28,1
DA:31,1
DA:37,0
DA:38,0
DA:48,1
DA:49,3
DA:59,3
DA:61,3
DA:64,3
DA:65,3
DA:66,3
DA:67,3
DA:68,1
DA:75,3
DA:76,3
DA:77,3
DA:81,3
DA:82,3
DA:84,3
DA:92,3
DA:94,4
DA:95,4
DA:99,3
DA:101,3
DA:112,0
DA:121,1
DA:122,5
DA:123,5
DA:126,5
DA:128,5
DA:132,5
DA:147,5
DA:148,1
DA:155,4
DA:156,0
DA:159,0
DA:167,4
DA:168,4
DA:170,4
DA:175,0
DA:184,1
DA:185,3
DA:186,3
DA:187,3
DA:189,3
DA:193,3
DA:195,3
DA:196,0
DA:203,3
DA:205,1
DA:211,2
DA:212,2
DA:214,2
DA:215,2
DA:216,2
DA:217,2
DA:218,2
DA:219,2
DA:221,2
DA:228,2
DA:231,2
DA:233,2
DA:239,0
DA:248,1
DA:249,2
DA:250,2
DA:251,2
DA:253,2
DA:257,2
DA:259,2
DA:260,0
DA:267,2
DA:269,1
DA:275,1
DA:278,1
DA:281,1
DA:283,1
DA:288,0
DA:297,1
DA:298,0
DA:299,0
DA:304,0
DA:305,0
DA:311,0
DA:314,0
DA:316,0
DA:322,0
DA:331,1
DA:332,0
DA:333,0
DA:335,0
DA:340,0
DA:342,0
DA:344,0
DA:350,0
DA:352,0
DA:363,0
DA:372,1
DA:373,1
DA:374,1
DA:376,1
DA:385,1
DA:387,2
DA:388,2
DA:392,1
DA:397,0
LF:113
LH:85
BRDA:14,0,0,1
BRDA:14,0,1,0
BRDA:15,1,0,1
BRDA:15,1,1,0
BRDA:16,2,0,1
BRDA:16,2,1,1
BRDA:17,3,0,1
BRDA:17,3,1,0
BRDA:27,4,0,1
BRDA:27,4,1,0
BRDA:42,5,0,0
BRDA:42,5,1,0
BRDA:51,6,0,2
BRDA:52,7,0,2
BRDA:57,8,0,3
BRDA:58,9,0,3
BRDA:64,10,0,0
BRDA:64,10,1,3
BRDA:65,11,0,0
BRDA:65,11,1,3
BRDA:66,12,0,0
BRDA:66,12,1,3
BRDA:67,13,0,1
BRDA:67,13,1,2
BRDA:75,14,0,3
BRDA:75,14,1,0
BRDA:75,15,0,3
BRDA:75,15,1,0
BRDA:76,16,0,3
BRDA:76,16,1,0
BRDA:76,17,0,3
BRDA:76,17,1,0
BRDA:76,17,2,0
BRDA:82,18,0,0
BRDA:82,18,1,3
BRDA:128,19,0,4
BRDA:128,19,1,1
BRDA:147,20,0,1
BRDA:147,20,1,4
BRDA:155,21,0,0
BRDA:155,21,1,4
BRDA:156,22,0,0
BRDA:156,22,1,0
BRDA:156,23,0,0
BRDA:156,23,1,0
BRDA:156,23,2,0
BRDA:189,24,0,3
BRDA:189,24,1,0
BRDA:195,25,0,0
BRDA:195,25,1,3
BRDA:203,26,0,1
BRDA:203,26,1,2
BRDA:203,27,0,3
BRDA:203,27,1,2
BRDA:214,28,0,2
BRDA:214,28,1,0
BRDA:215,29,0,1
BRDA:215,29,1,1
BRDA:216,30,0,0
BRDA:216,30,1,2
BRDA:217,31,0,0
BRDA:217,31,1,2
BRDA:218,32,0,0
BRDA:218,32,1,2
BRDA:219,33,0,0
BRDA:219,33,1,2
BRDA:253,34,0,2
BRDA:253,34,1,0
BRDA:259,35,0,0
BRDA:259,35,1,2
BRDA:267,36,0,1
BRDA:267,36,1,1
BRDA:267,37,0,2
BRDA:267,37,1,1
BRDA:304,38,0,0
BRDA:304,38,1,0
BRDA:333,39,0,0
BRDA:333,40,0,0
BRDA:340,41,0,0
BRDA:340,41,1,0
BRDA:374,42,0,0
BRF:81
BRH:44
end_of_record
TN:
SF:controller\commentController.js
FN:7,(anonymous_0)
FN:77,(anonymous_1)
FN:133,(anonymous_2)
FN:163,(anonymous_3)
FN:216,(anonymous_4)
FN:267,(anonymous_5)
FNF:6
FNH:4
FNDA:3,(anonymous_0)
FNDA:2,(anonymous_1)
FNDA:0,(anonymous_2)
FNDA:2,(anonymous_3)
FNDA:3,(anonymous_4)
FNDA:0,(anonymous_5)
DA:7,1
DA:8,3
DA:9,3
DA:10,3
DA:13,3
DA:14,3
DA:15,1
DA:22,2
DA:23,1
DA:24,1
DA:25,0
DA:32,2
DA:39,2
DA:42,2
DA:48,2
DA:51,2
DA:52,0
DA:60,2
DA:66,0
DA:67,0
DA:77,1
DA:78,2
DA:79,2
DA:80,2
DA:83,2
DA:84,2
DA:85,0
DA:91,2
DA:94,2
DA:108,2
DA:113,2
DA:124,0
DA:133,1
DA:134,0
DA:135,0
DA:142,0
DA:143,0
DA:149,0
DA:154,0
DA:163,1
DA:164,2
DA:165,2
DA:167,2
DA:168,0
DA:175,2
DA:177,1
DA:183,1
DA:185,1
DA:186,1
DA:187,1
DA:188,1
DA:190,1
DA:193,1
DA:199,1
DA:201,1
DA:207,0
DA:216,1
DA:217,3
DA:218,3
DA:220,3
DA:221,0
DA:228,3
DA:230,1
DA:236,2
DA:239,2
DA:242,2
DA:245,2
DA:251,2
DA:253,2
DA:258,0
DA:267,1
DA:268,0
DA:269,0
DA:270,0
DA:272,0
DA:279,0
DA:281,0
DA:292,0
LF:78
LH:55
BRDA:14,0,0,1
BRDA:14,0,1,2
BRDA:22,1,0,1
BRDA:22,1,1,1
BRDA:24,2,0,0
BRDA:24,2,1,1
BRDA:24,3,0,1
BRDA:24,3,1,1
BRDA:36,4,0,2
BRDA:36,4,1,1
BRDA:51,5,0,0
BRDA:51,5,1,2
BRDA:71,6,0,0
BRDA:71,6,1,0
BRDA:80,7,0,1
BRDA:80,8,0,1
BRDA:84,9,0,0
BRDA:84,9,1,2
BRDA:142,10,0,0
BRDA:142,10,1,0
BRDA:167,11,0,0
BRDA:167,11,1,2
BRDA:175,12,0,1
BRDA:175,12,1,1
BRDA:175,13,0,2
BRDA:175,13,1,1
BRDA:220,14,0,0
BRDA:220,14,1,3
BRDA:228,15,0,1
BRDA:228,15,1,2
BRDA:228,16,0,3
BRDA:228,16,1,1
BRDA:269,17,0,0
BRDA:269,18,0,0
BRF:34
BRH:23
end_of_record
TN:
SF:middleware\activityLogger.js
FN:4,(anonymous_0)
FN:5,(anonymous_1)
FN:9,(anonymous_2)
FN:49,(anonymous_3)
FNF:4
FNH:3
FNDA:22,(anonymous_0)
FNDA:65,(anonymous_1)
FNDA:65,(anonymous_2)
FNDA:0,(anonymous_3)
DA:4,3
DA:5,22
DA:7,65
DA:9,65
DA:11,65
DA:12,9
DA:13,9
DA:22,9
DA:23,6
DA:24,3
DA:25,3
DA:29,9
DA:30,9
DA:33,9
DA:35,0
DA:41,65
DA:44,65
DA:49,3
DA:50,0
DA:51,0
DA:53,0
DA:54,0
DA:55,0
DA:57,0
DA:63,0
DA:65,0
DA:75,0
LF:27
LH:17
BRDA:4,0,0,0
BRDA:11,1,0,9
BRDA:11,1,1,56
BRDA:11,2,0,65
BRDA:11,2,1,14
BRDA:17,3,0,9
BRDA:17,3,1,0
BRDA:22,4,0,6
BRDA:22,4,1,3
BRDA:24,5,0,3
BRDA:24,5,1,0
BRDA:29,6,0,9
BRDA:29,6,1,0
BRDA:29,7,0,9
BRDA:29,7,1,9
BRDA:51,8,0,0
BRDA:51,9,0,0
BRDA:54,10,0,0
BRDA:54,10,1,0
BRDA:55,11,0,0
BRDA:55,11,1,0
BRF:21
BRH:11
end_of_record
TN:
SF:middleware\authMiddleware.js
FN:5,(anonymous_0)
FN:50,(anonymous_1)
FN:62,(anonymous_2)
FN:63,(anonymous_3)
FN:80,(anonymous_4)
FNF:5
FNH:2
FNDA:21,(anonymous_0)
FNDA:0,(anonymous_1)
FNDA:0,(anonymous_2)
FNDA:0,(anonymous_3)
FNDA:8,(anonymous_4)
DA:5,3
DA:6,21
DA:8,21
DA:12,21
DA:13,3
DA:20,18
DA:23,17
DA:25,17
DA:26,0
DA:33,17
DA:34,17
DA:36,1
DA:37,0
DA:42,1
DA:50,3
DA:51,0
DA:52,0
DA:54,0
DA:62,3
DA:63,0
DA:64,0
DA:67,0
DA:69,0
DA:71,0
DA:80,3
DA:81,8
DA:82,8
DA:85,8
DA:86,0
DA:87,0
DA:88,0
DA:89,0
DA:95,8
LF:33
LH:19
BRDA:8,0,0,21
BRDA:8,0,1,3
BRDA:8,0,2,3
BRDA:12,1,0,3
BRDA:12,1,1,18
BRDA:25,2,0,0
BRDA:25,2,1,17
BRDA:25,3,0,17
BRDA:25,3,1,17
BRDA:36,4,0,0
BRDA:36,4,1,1
BRDA:51,5,0,0
BRDA:51,5,1,0
BRDA:51,6,0,0
BRDA:51,6,1,0
BRDA:62,7,0,0
BRDA:64,8,0,0
BRDA:64,8,1,0
BRDA:67,9,0,0
BRDA:67,9,1,0
BRDA:67,10,0,0
BRDA:67,10,1,0
BRDA:82,11,0,8
BRDA:82,11,1,8
BRDA:85,12,0,0
BRDA:85,12,1,8
BRDA:88,13,0,0
BRDA:88,13,1,0
BRDA:88,14,0,0
BRDA:88,14,1,0
BRF:30
BRH:12
end_of_record
TN:
SF:middleware\validators.js
FN:4,(anonymous_0)
FN:148,(anonymous_1)
FNF:2
FNH:2
FNDA:84,(anonymous_0)
FNDA:10,(anonymous_1)
DA:4,3
DA:5,84
DA:6,84
DA:7,4
DA:13,80
DA:17,3
DA:43,3
DA:56,3
DA:85,3
DA:113,3
DA:127,3
DA:138,3
DA:146,3
DA:150,10
DA:151,10
DA:152,10
DA:153,0
DA:155,10
DA:161,3
LF:19
LH:18
BRDA:6,0,0,4
BRDA:6,0,1,80
BRDA:152,1,0,0
BRDA:152,1,1,10
BRDA:152,2,0,10
BRDA:152,2,1,1
BRF:6
BRH:5
end_of_record
TN:
SF:models\ActivityLog.js
FNF:0
FNH:0
DA:3,3
DA:37,3
DA:38,3
DA:40,3
LF:4
LH:4
BRF:0
BRH:0
end_of_record
TN:
SF:models\Blogs.js
FN:65,(anonymous_0)
FN:90,(anonymous_1)
FN:97,(anonymous_2)
FN:104,(anonymous_3)
FNF:4
FNH:2
FNDA:40,(anonymous_0)
FNDA:1,(anonymous_1)
FNDA:0,(anonymous_2)
FNDA:0,(anonymous_3)
DA:4,2
DA:59,2
DA:60,2
DA:61,2
DA:62,2
DA:65,2
DA:66,40
DA:67,35
DA:68,35
DA:71,35
DA:76,35
DA:77,0
DA:83,2
DA:90,2
DA:91,1
DA:92,1
DA:93,1
DA:97,2
DA:98,0
DA:99,0
DA:100,0
DA:104,2
DA:105,0
DA:108,2
LF:24
LH:19
BRDA:66,0,0,35
BRDA:66,0,1,5
BRDA:76,1,0,0
BRDA:76,1,1,35
BRF:4
BRH:3
end_of_record
TN:
SF:models\Comment.js
FNF:0
FNH:0
DA:3,2
DA:37,2
DA:38,2
DA:41,2
DA:47,2
LF:5
LH:5
BRF:0
BRH:0
end_of_record
TN:
SF:models\Users.js
FN:57,(anonymous_0)
FN:65,(anonymous_1)
FN:70,(anonymous_2)
FNF:3
FNH:3
FNDA:103,(anonymous_0)
FNDA:20,(anonymous_1)
FNDA:49,(anonymous_2)
DA:4,3
DA:57,3
DA:58,103
DA:59,55
DA:60,55
DA:65,3
DA:66,20
DA:70,3
DA:71,49
DA:82,3
LF:10
LH:10
BRDA:58,0,0,48
BRDA:58,0,1,55
BRDA:59,1,0,55
BRDA:59,1,1,0
BRF:4
BRH:3
end_of_record
TN:
SF:routes\adminRoutes.js
FNF:0
FNH:0
DA:17,0
DA:20,0
DA:21,0
DA:24,0
DA:27,0
DA:28,0
DA:29,0
DA:30,0
DA:33,0
DA:34,0
DA:41,0
DA:44,0
DA:47,0
LF:13
LH:0
BRF:0
BRH:0
end_of_record
TN:
SF:routes\authRoutes.js
FNF:0
FNH:0
DA:17,3
DA:20,3
DA:21,3
DA:22,3
DA:25,3
DA:26,3
DA:27,3
DA:28,3
DA:31,3
DA:34,3
DA:40,3
DA:43,3
LF:12
LH:12
BRF:0
BRH:0
end_of_record
TN:
SF:routes\blogRoutes.js
FNF:0
FNH:0
DA:23,1
DA:26,1
DA:33,1
DA:38,1
DA:45,1
DA:52,1
DA:58,1
DA:66,1
DA:74,1
LF:9
LH:9
BRF:0
BRH:0
end_of_record
TN:
SF:routes\commentRoutes.js
FNF:0
FNH:0
DA:20,1
DA:23,1
DA:30,1
DA:36,1
DA:43,1
DA:49,1
DA:57,1
LF:7
LH:7
BRF:0
BRH:0
end_of_record
TN:
SF:services\cacheService.js
FN:12,(anonymous_0)
FN:17,(anonymous_1)
FN:22,(anonymous_2)
FN:27,(anonymous_3)
FN:29,(anonymous_4)
FN:34,(anonymous_5)
FN:39,(anonymous_6)
FN:44,(anonymous_7)
FN:45,(anonymous_8)
FN:62,(anonymous_9)
FN:75,(anonymous_10)
FN:76,(anonymous_11)
FNF:12
FNH:9
FNDA:6,(anonymous_0)
FNDA:6,(anonymous_1)
FNDA:0,(anonymous_2)
FNDA:14,(anonymous_3)
FNDA:15,(anonymous_4)
FNDA:0,(anonymous_5)
FNDA:0,(anonymous_6)
FNDA:3,(anonymous_7)
FNDA:6,(anonymous_8)
FNDA:6,(anonymous_9)
FNDA:9,(anonymous_10)
FNDA:14,(anonymous_11)
DA:4,2
DA:13,6
DA:18,6
DA:23,0
DA:28,14
DA:29,15
DA:30,14
DA:35,0
DA:40,0
DA:45,3
DA:47,6
DA:48,0
DA:51,6
DA:52,6
DA:54,6
DA:55,0
DA:59,6
DA:62,6
DA:64,6
DA:65,6
DA:67,6
DA:70,6
DA:76,9
DA:77,14
LF:24
LH:19
BRDA:17,0,0,0
BRDA:44,1,0,0
BRDA:47,2,0,0
BRDA:47,2,1,6
BRDA:51,3,0,6
BRDA:51,3,1,0
BRDA:54,4,0,0
BRDA:54,4,1,6
BRDA:64,5,0,6
BRDA:64,5,1,0
BRDA:75,6,0,0
BRF:11
BRH:4
end_of_record
TN:
SF:services\socketService.js
FN:4,(anonymous_0)
FN:9,(anonymous_1)
FN:17,(anonymous_2)
FN:21,(anonymous_3)
FN:30,(anonymous_4)
FN:36,(anonymous_5)
FN:42,(anonymous_6)
FN:55,(anonymous_7)
FN:68,(anonymous_8)
FN:82,(anonymous_9)
FN:94,(anonymous_10)
FN:106,(anonymous_11)
FN:123,(anonymous_12)
FN:134,(anonymous_13)
FN:147,(anonymous_14)
FN:162,(anonymous_15)
FNF:16
FNH:7
FNDA:2,(anonymous_0)
FNDA:0,(anonymous_1)
FNDA:0,(anonymous_2)
FNDA:0,(anonymous_3)
FNDA:0,(anonymous_4)
FNDA:0,(anonymous_5)
FNDA:0,(anonymous_6)
FNDA:1,(anonymous_7)
FNDA:2,(anonymous_8)
FNDA:1,(anonymous_9)
FNDA:2,(anonymous_10)
FNDA:2,(anonymous_11)
FNDA:1,(anonymous_12)
FNDA:0,(anonymous_13)
FNDA:0,(anonymous_14)
FNDA:0,(anonymous_15)
DA:5,2
DA:6,2
DA:10,0
DA:17,0
DA:18,0
DA:21,0
DA:22,0
DA:23,0
DA:24,0
DA:25,0
DA:30,0
DA:31,0
DA:32,0
DA:36,0
DA:37,0
DA:38,0
DA:42,0
DA:43,0
DA:44,0
DA:45,0
DA:47,0
DA:51,0
DA:56,1
DA:57,0
DA:63,0
DA:69,2
DA:70,0
DA:77,0
DA:83,1
DA:84,0
DA:95,2
DA:96,0
DA:107,2
DA:108,0
DA:114,0
DA:124,1
DA:125,0
DA:135,0
DA:136,0
DA:137,0
DA:142,0
DA:148,0
DA:149,0
DA:163,0
DA:164,0
DA:166,0
LF:46
LH:8
BRDA:12,0,0,0
BRDA:12,0,1,0
BRDA:22,1,0,0
BRDA:22,1,1,0
BRDA:43,2,0,0
BRDA:43,2,1,0
BRDA:56,3,0,0
BRDA:56,3,1,1
BRDA:69,4,0,0
BRDA:69,4,1,2
BRDA:83,5,0,0
BRDA:83,5,1,1
BRDA:95,6,0,0
BRDA:95,6,1,2
BRDA:107,7,0,0
BRDA:107,7,1,2
BRDA:124,8,0,0
BRDA:124,8,1,1
BRDA:136,9,0,0
BRDA:136,9,1,0
BRDA:136,10,0,0
BRDA:136,10,1,0
BRDA:148,11,0,0
BRDA:148,11,1,0
BRDA:163,12,0,0
BRDA:163,12,1,0
BRF:26
BRH:6
end_of_record
